{
  "C:\\Users\\andyx\\Desktop\\NU Labs\\Salad\\salad.nu\\src\\store\\api.js": {
    "path": "C:\\Users\\andyx\\Desktop\\NU Labs\\Salad\\salad.nu\\src\\store\\api.js",
    "statementMap": {
      "0": {
        "start": {
          "line": 3,
          "column": 29
        },
        "end": {
          "line": 3,
          "column": 62
        }
      },
      "1": {
        "start": {
          "line": 4,
          "column": 27
        },
        "end": {
          "line": 4,
          "column": 58
        }
      },
      "2": {
        "start": {
          "line": 5,
          "column": 26
        },
        "end": {
          "line": 5,
          "column": 56
        }
      }
    },
    "fnMap": {},
    "branchMap": {},
    "s": {
      "0": 65,
      "1": 65,
      "2": 65
    },
    "f": {},
    "b": {},
    "_coverageSchema": "43e27e138ebf9cfc5966b082cf9a028302ed4184",
    "hash": "87499d47f44a780459e311790ea62f175c62dcd6"
  },
  "C:\\Users\\andyx\\Desktop\\NU Labs\\Salad\\salad.nu\\src\\store\\actions\\termActions.js": {
    "path": "C:\\Users\\andyx\\Desktop\\NU Labs\\Salad\\salad.nu\\src\\store\\actions\\termActions.js",
    "statementMap": {
      "0": {
        "start": {
          "line": 5,
          "column": 30
        },
        "end": {
          "line": 5,
          "column": 60
        }
      },
      "1": {
        "start": {
          "line": 6,
          "column": 35
        },
        "end": {
          "line": 6,
          "column": 70
        }
      },
      "2": {
        "start": {
          "line": 7,
          "column": 29
        },
        "end": {
          "line": 7,
          "column": 58
        }
      },
      "3": {
        "start": {
          "line": 10,
          "column": 24
        },
        "end": {
          "line": 20,
          "column": 1
        }
      },
      "4": {
        "start": {
          "line": 10,
          "column": 36
        },
        "end": {
          "line": 20,
          "column": 1
        }
      },
      "5": {
        "start": {
          "line": 11,
          "column": 2
        },
        "end": {
          "line": 19,
          "column": 4
        }
      }
    },
    "fnMap": {
      "0": {
        "name": "(anonymous_0)",
        "decl": {
          "start": {
            "line": 10,
            "column": 24
          },
          "end": {
            "line": 10,
            "column": 25
          }
        },
        "loc": {
          "start": {
            "line": 10,
            "column": 36
          },
          "end": {
            "line": 20,
            "column": 1
          }
        },
        "line": 10
      },
      "1": {
        "name": "(anonymous_1)",
        "decl": {
          "start": {
            "line": 10,
            "column": 36
          },
          "end": {
            "line": 10,
            "column": 37
          }
        },
        "loc": {
          "start": {
            "line": 10,
            "column": 60
          },
          "end": {
            "line": 20,
            "column": 1
          }
        },
        "line": 10
      }
    },
    "branchMap": {},
    "s": {
      "0": 65,
      "1": 65,
      "2": 65,
      "3": 65,
      "4": 65,
      "5": 65
    },
    "f": {
      "0": 65,
      "1": 65
    },
    "b": {},
    "_coverageSchema": "43e27e138ebf9cfc5966b082cf9a028302ed4184",
    "hash": "978860d21f64119904f4718c316f96ad27ded805"
  },
  "C:\\Users\\andyx\\Desktop\\NU Labs\\Salad\\salad.nu\\src\\store\\reducers\\term.js": {
    "path": "C:\\Users\\andyx\\Desktop\\NU Labs\\Salad\\salad.nu\\src\\store\\reducers\\term.js",
    "statementMap": {
      "0": {
        "start": {
          "line": 10,
          "column": 14
        },
        "end": {
          "line": 29,
          "column": 2
        }
      },
      "1": {
        "start": {
          "line": 19,
          "column": 6
        },
        "end": {
          "line": 19,
          "column": 26
        }
      },
      "2": {
        "start": {
          "line": 22,
          "column": 6
        },
        "end": {
          "line": 22,
          "column": 27
        }
      },
      "3": {
        "start": {
          "line": 25,
          "column": 6
        },
        "end": {
          "line": 25,
          "column": 45
        }
      },
      "4": {
        "start": {
          "line": 26,
          "column": 6
        },
        "end": {
          "line": 26,
          "column": 27
        }
      },
      "5": {
        "start": {
          "line": 33,
          "column": 23
        },
        "end": {
          "line": 36,
          "column": 1
        }
      },
      "6": {
        "start": {
          "line": 34,
          "column": 13
        },
        "end": {
          "line": 34,
          "column": 23
        }
      },
      "7": {
        "start": {
          "line": 35,
          "column": 12
        },
        "end": {
          "line": 35,
          "column": 28
        }
      }
    },
    "fnMap": {
      "0": {
        "name": "(anonymous_0)",
        "decl": {
          "start": {
            "line": 18,
            "column": 22
          },
          "end": {
            "line": 18,
            "column": 23
          }
        },
        "loc": {
          "start": {
            "line": 18,
            "column": 40
          },
          "end": {
            "line": 20,
            "column": 5
          }
        },
        "line": 18
      },
      "1": {
        "name": "(anonymous_1)",
        "decl": {
          "start": {
            "line": 21,
            "column": 27
          },
          "end": {
            "line": 21,
            "column": 28
          }
        },
        "loc": {
          "start": {
            "line": 21,
            "column": 45
          },
          "end": {
            "line": 23,
            "column": 5
          }
        },
        "line": 21
      },
      "2": {
        "name": "(anonymous_2)",
        "decl": {
          "start": {
            "line": 24,
            "column": 21
          },
          "end": {
            "line": 24,
            "column": 22
          }
        },
        "loc": {
          "start": {
            "line": 24,
            "column": 39
          },
          "end": {
            "line": 27,
            "column": 5
          }
        },
        "line": 24
      },
      "3": {
        "name": "(anonymous_3)",
        "decl": {
          "start": {
            "line": 34,
            "column": 2
          },
          "end": {
            "line": 34,
            "column": 3
          }
        },
        "loc": {
          "start": {
            "line": 34,
            "column": 13
          },
          "end": {
            "line": 34,
            "column": 23
          }
        },
        "line": 34
      },
      "4": {
        "name": "(anonymous_4)",
        "decl": {
          "start": {
            "line": 35,
            "column": 2
          },
          "end": {
            "line": 35,
            "column": 3
          }
        },
        "loc": {
          "start": {
            "line": 35,
            "column": 12
          },
          "end": {
            "line": 35,
            "column": 28
          }
        },
        "line": 35
      }
    },
    "branchMap": {},
    "s": {
      "0": 65,
      "1": 65,
      "2": 0,
      "3": 65,
      "4": 65,
      "5": 65,
      "6": 1448,
      "7": 195
    },
    "f": {
      "0": 65,
      "1": 0,
      "2": 65,
      "3": 1448,
      "4": 195
    },
    "b": {},
    "_coverageSchema": "43e27e138ebf9cfc5966b082cf9a028302ed4184",
    "hash": "8668e062540ff96a8d6cdb1615afd3f391aa1cc6"
  },
  "C:\\Users\\andyx\\Desktop\\NU Labs\\Salad\\salad.nu\\src\\store\\actions\\themeActions.js": {
    "path": "C:\\Users\\andyx\\Desktop\\NU Labs\\Salad\\salad.nu\\src\\store\\actions\\themeActions.js",
    "statementMap": {
      "0": {
        "start": {
          "line": 4,
          "column": 29
        },
        "end": {
          "line": 4,
          "column": 58
        }
      },
      "1": {
        "start": {
          "line": 7,
          "column": 27
        },
        "end": {
          "line": 9,
          "column": 1
        }
      },
      "2": {
        "start": {
          "line": 8,
          "column": 2
        },
        "end": {
          "line": 8,
          "column": 25
        }
      }
    },
    "fnMap": {
      "0": {
        "name": "(anonymous_0)",
        "decl": {
          "start": {
            "line": 7,
            "column": 27
          },
          "end": {
            "line": 7,
            "column": 28
          }
        },
        "loc": {
          "start": {
            "line": 7,
            "column": 33
          },
          "end": {
            "line": 9,
            "column": 1
          }
        },
        "line": 7
      }
    },
    "branchMap": {},
    "s": {
      "0": 65,
      "1": 65,
      "2": 7
    },
    "f": {
      "0": 7
    },
    "b": {},
    "_coverageSchema": "43e27e138ebf9cfc5966b082cf9a028302ed4184",
    "hash": "c15f034ace9ec8468ce7816c8794d23868631c70"
  },
  "C:\\Users\\andyx\\Desktop\\NU Labs\\Salad\\salad.nu\\src\\store\\reducers\\theme.js": {
    "path": "C:\\Users\\andyx\\Desktop\\NU Labs\\Salad\\salad.nu\\src\\store\\reducers\\theme.js",
    "statementMap": {
      "0": {
        "start": {
          "line": 5,
          "column": 21
        },
        "end": {
          "line": 5,
          "column": 28
        }
      },
      "1": {
        "start": {
          "line": 8,
          "column": 14
        },
        "end": {
          "line": 19,
          "column": 2
        }
      },
      "2": {
        "start": {
          "line": 16,
          "column": 6
        },
        "end": {
          "line": 16,
          "column": 77
        }
      },
      "3": {
        "start": {
          "line": 23,
          "column": 24
        },
        "end": {
          "line": 26,
          "column": 1
        }
      },
      "4": {
        "start": {
          "line": 24,
          "column": 13
        },
        "end": {
          "line": 24,
          "column": 24
        }
      },
      "5": {
        "start": {
          "line": 25,
          "column": 13
        },
        "end": {
          "line": 25,
          "column": 31
        }
      }
    },
    "fnMap": {
      "0": {
        "name": "(anonymous_0)",
        "decl": {
          "start": {
            "line": 15,
            "column": 21
          },
          "end": {
            "line": 15,
            "column": 22
          }
        },
        "loc": {
          "start": {
            "line": 15,
            "column": 40
          },
          "end": {
            "line": 17,
            "column": 5
          }
        },
        "line": 15
      },
      "1": {
        "name": "(anonymous_1)",
        "decl": {
          "start": {
            "line": 24,
            "column": 2
          },
          "end": {
            "line": 24,
            "column": 3
          }
        },
        "loc": {
          "start": {
            "line": 24,
            "column": 13
          },
          "end": {
            "line": 24,
            "column": 24
          }
        },
        "line": 24
      },
      "2": {
        "name": "(anonymous_2)",
        "decl": {
          "start": {
            "line": 25,
            "column": 2
          },
          "end": {
            "line": 25,
            "column": 3
          }
        },
        "loc": {
          "start": {
            "line": 25,
            "column": 13
          },
          "end": {
            "line": 25,
            "column": 31
          }
        },
        "line": 25
      }
    },
    "branchMap": {
      "0": {
        "loc": {
          "start": {
            "line": 16,
            "column": 27
          },
          "end": {
            "line": 16,
            "column": 76
          }
        },
        "type": "cond-expr",
        "locations": [
          {
            "start": {
              "line": 16,
              "column": 60
            },
            "end": {
              "line": 16,
              "column": 66
            }
          },
          {
            "start": {
              "line": 16,
              "column": 69
            },
            "end": {
              "line": 16,
              "column": 76
            }
          }
        ],
        "line": 16
      }
    },
    "s": {
      "0": 65,
      "1": 65,
      "2": 7,
      "3": 65,
      "4": 1448,
      "5": 72
    },
    "f": {
      "0": 7,
      "1": 1448,
      "2": 72
    },
    "b": {
      "0": [
        5,
        2
      ]
    },
    "_coverageSchema": "43e27e138ebf9cfc5966b082cf9a028302ed4184",
    "hash": "4d7149d92dee89a2e810a435e5dbe5126d7bfd8d"
  },
  "C:\\Users\\andyx\\Desktop\\NU Labs\\Salad\\salad.nu\\src\\store\\actions\\schoolActions.js": {
    "path": "C:\\Users\\andyx\\Desktop\\NU Labs\\Salad\\salad.nu\\src\\store\\actions\\schoolActions.js",
    "statementMap": {
      "0": {
        "start": {
          "line": 5,
          "column": 33
        },
        "end": {
          "line": 5,
          "column": 66
        }
      },
      "1": {
        "start": {
          "line": 6,
          "column": 38
        },
        "end": {
          "line": 6,
          "column": 76
        }
      },
      "2": {
        "start": {
          "line": 7,
          "column": 32
        },
        "end": {
          "line": 7,
          "column": 64
        }
      },
      "3": {
        "start": {
          "line": 10,
          "column": 27
        },
        "end": {
          "line": 19,
          "column": 1
        }
      },
      "4": {
        "start": {
          "line": 10,
          "column": 33
        },
        "end": {
          "line": 19,
          "column": 1
        }
      },
      "5": {
        "start": {
          "line": 11,
          "column": 2
        },
        "end": {
          "line": 18,
          "column": 4
        }
      }
    },
    "fnMap": {
      "0": {
        "name": "(anonymous_0)",
        "decl": {
          "start": {
            "line": 10,
            "column": 27
          },
          "end": {
            "line": 10,
            "column": 28
          }
        },
        "loc": {
          "start": {
            "line": 10,
            "column": 33
          },
          "end": {
            "line": 19,
            "column": 1
          }
        },
        "line": 10
      },
      "1": {
        "name": "(anonymous_1)",
        "decl": {
          "start": {
            "line": 10,
            "column": 33
          },
          "end": {
            "line": 10,
            "column": 34
          }
        },
        "loc": {
          "start": {
            "line": 10,
            "column": 57
          },
          "end": {
            "line": 19,
            "column": 1
          }
        },
        "line": 10
      }
    },
    "branchMap": {},
    "s": {
      "0": 65,
      "1": 65,
      "2": 65,
      "3": 65,
      "4": 65,
      "5": 65
    },
    "f": {
      "0": 65,
      "1": 65
    },
    "b": {},
    "_coverageSchema": "43e27e138ebf9cfc5966b082cf9a028302ed4184",
    "hash": "e7190c78e412c79a29788c5292ad1afee8673dc8"
  },
  "C:\\Users\\andyx\\Desktop\\NU Labs\\Salad\\salad.nu\\src\\store\\reducers\\schools.js": {
    "path": "C:\\Users\\andyx\\Desktop\\NU Labs\\Salad\\salad.nu\\src\\store\\reducers\\schools.js",
    "statementMap": {
      "0": {
        "start": {
          "line": 10,
          "column": 14
        },
        "end": {
          "line": 29,
          "column": 2
        }
      },
      "1": {
        "start": {
          "line": 19,
          "column": 6
        },
        "end": {
          "line": 19,
          "column": 29
        }
      },
      "2": {
        "start": {
          "line": 22,
          "column": 6
        },
        "end": {
          "line": 22,
          "column": 30
        }
      },
      "3": {
        "start": {
          "line": 25,
          "column": 6
        },
        "end": {
          "line": 25,
          "column": 41
        }
      },
      "4": {
        "start": {
          "line": 26,
          "column": 6
        },
        "end": {
          "line": 26,
          "column": 30
        }
      },
      "5": {
        "start": {
          "line": 33,
          "column": 26
        },
        "end": {
          "line": 36,
          "column": 1
        }
      },
      "6": {
        "start": {
          "line": 34,
          "column": 13
        },
        "end": {
          "line": 34,
          "column": 26
        }
      },
      "7": {
        "start": {
          "line": 35,
          "column": 15
        },
        "end": {
          "line": 35,
          "column": 27
        }
      }
    },
    "fnMap": {
      "0": {
        "name": "(anonymous_0)",
        "decl": {
          "start": {
            "line": 18,
            "column": 25
          },
          "end": {
            "line": 18,
            "column": 26
          }
        },
        "loc": {
          "start": {
            "line": 18,
            "column": 46
          },
          "end": {
            "line": 20,
            "column": 5
          }
        },
        "line": 18
      },
      "1": {
        "name": "(anonymous_1)",
        "decl": {
          "start": {
            "line": 21,
            "column": 30
          },
          "end": {
            "line": 21,
            "column": 31
          }
        },
        "loc": {
          "start": {
            "line": 21,
            "column": 51
          },
          "end": {
            "line": 23,
            "column": 5
          }
        },
        "line": 21
      },
      "2": {
        "name": "(anonymous_2)",
        "decl": {
          "start": {
            "line": 24,
            "column": 24
          },
          "end": {
            "line": 24,
            "column": 25
          }
        },
        "loc": {
          "start": {
            "line": 24,
            "column": 45
          },
          "end": {
            "line": 27,
            "column": 5
          }
        },
        "line": 24
      },
      "3": {
        "name": "(anonymous_3)",
        "decl": {
          "start": {
            "line": 34,
            "column": 2
          },
          "end": {
            "line": 34,
            "column": 3
          }
        },
        "loc": {
          "start": {
            "line": 34,
            "column": 13
          },
          "end": {
            "line": 34,
            "column": 26
          }
        },
        "line": 34
      },
      "4": {
        "name": "(anonymous_4)",
        "decl": {
          "start": {
            "line": 35,
            "column": 2
          },
          "end": {
            "line": 35,
            "column": 3
          }
        },
        "loc": {
          "start": {
            "line": 35,
            "column": 15
          },
          "end": {
            "line": 35,
            "column": 27
          }
        },
        "line": 35
      }
    },
    "branchMap": {},
    "s": {
      "0": 65,
      "1": 65,
      "2": 0,
      "3": 65,
      "4": 65,
      "5": 65,
      "6": 374,
      "7": 195
    },
    "f": {
      "0": 65,
      "1": 0,
      "2": 65,
      "3": 374,
      "4": 195
    },
    "b": {},
    "_coverageSchema": "43e27e138ebf9cfc5966b082cf9a028302ed4184",
    "hash": "30651b0fd594773c9539d0d1f5f8cf217f0fa242"
  },
  "C:\\Users\\andyx\\Desktop\\NU Labs\\Salad\\salad.nu\\src\\store\\actions\\subjectActions.js": {
    "path": "C:\\Users\\andyx\\Desktop\\NU Labs\\Salad\\salad.nu\\src\\store\\actions\\subjectActions.js",
    "statementMap": {
      "0": {
        "start": {
          "line": 5,
          "column": 34
        },
        "end": {
          "line": 5,
          "column": 68
        }
      },
      "1": {
        "start": {
          "line": 6,
          "column": 39
        },
        "end": {
          "line": 6,
          "column": 78
        }
      },
      "2": {
        "start": {
          "line": 7,
          "column": 33
        },
        "end": {
          "line": 7,
          "column": 66
        }
      },
      "3": {
        "start": {
          "line": 10,
          "column": 28
        },
        "end": {
          "line": 20,
          "column": 1
        }
      },
      "4": {
        "start": {
          "line": 10,
          "column": 46
        },
        "end": {
          "line": 20,
          "column": 1
        }
      },
      "5": {
        "start": {
          "line": 11,
          "column": 2
        },
        "end": {
          "line": 19,
          "column": 4
        }
      }
    },
    "fnMap": {
      "0": {
        "name": "(anonymous_0)",
        "decl": {
          "start": {
            "line": 10,
            "column": 28
          },
          "end": {
            "line": 10,
            "column": 29
          }
        },
        "loc": {
          "start": {
            "line": 10,
            "column": 46
          },
          "end": {
            "line": 20,
            "column": 1
          }
        },
        "line": 10
      },
      "1": {
        "name": "(anonymous_1)",
        "decl": {
          "start": {
            "line": 10,
            "column": 46
          },
          "end": {
            "line": 10,
            "column": 47
          }
        },
        "loc": {
          "start": {
            "line": 10,
            "column": 70
          },
          "end": {
            "line": 20,
            "column": 1
          }
        },
        "line": 10
      }
    },
    "branchMap": {},
    "s": {
      "0": 65,
      "1": 65,
      "2": 65,
      "3": 65,
      "4": 0,
      "5": 0
    },
    "f": {
      "0": 0,
      "1": 0
    },
    "b": {},
    "_coverageSchema": "43e27e138ebf9cfc5966b082cf9a028302ed4184",
    "hash": "a85f7d7bf89eb64b9d26619ef63b9f23dbcf1c3e"
  },
  "C:\\Users\\andyx\\Desktop\\NU Labs\\Salad\\salad.nu\\src\\store\\reducers\\subjects.js": {
    "path": "C:\\Users\\andyx\\Desktop\\NU Labs\\Salad\\salad.nu\\src\\store\\reducers\\subjects.js",
    "statementMap": {
      "0": {
        "start": {
          "line": 10,
          "column": 14
        },
        "end": {
          "line": 29,
          "column": 2
        }
      },
      "1": {
        "start": {
          "line": 19,
          "column": 6
        },
        "end": {
          "line": 19,
          "column": 30
        }
      },
      "2": {
        "start": {
          "line": 22,
          "column": 6
        },
        "end": {
          "line": 22,
          "column": 31
        }
      },
      "3": {
        "start": {
          "line": 25,
          "column": 6
        },
        "end": {
          "line": 25,
          "column": 42
        }
      },
      "4": {
        "start": {
          "line": 26,
          "column": 6
        },
        "end": {
          "line": 26,
          "column": 31
        }
      },
      "5": {
        "start": {
          "line": 33,
          "column": 27
        },
        "end": {
          "line": 36,
          "column": 1
        }
      },
      "6": {
        "start": {
          "line": 34,
          "column": 13
        },
        "end": {
          "line": 34,
          "column": 27
        }
      },
      "7": {
        "start": {
          "line": 35,
          "column": 16
        },
        "end": {
          "line": 35,
          "column": 29
        }
      }
    },
    "fnMap": {
      "0": {
        "name": "(anonymous_0)",
        "decl": {
          "start": {
            "line": 18,
            "column": 26
          },
          "end": {
            "line": 18,
            "column": 27
          }
        },
        "loc": {
          "start": {
            "line": 18,
            "column": 48
          },
          "end": {
            "line": 20,
            "column": 5
          }
        },
        "line": 18
      },
      "1": {
        "name": "(anonymous_1)",
        "decl": {
          "start": {
            "line": 21,
            "column": 31
          },
          "end": {
            "line": 21,
            "column": 32
          }
        },
        "loc": {
          "start": {
            "line": 21,
            "column": 53
          },
          "end": {
            "line": 23,
            "column": 5
          }
        },
        "line": 21
      },
      "2": {
        "name": "(anonymous_2)",
        "decl": {
          "start": {
            "line": 24,
            "column": 25
          },
          "end": {
            "line": 24,
            "column": 26
          }
        },
        "loc": {
          "start": {
            "line": 24,
            "column": 47
          },
          "end": {
            "line": 27,
            "column": 5
          }
        },
        "line": 24
      },
      "3": {
        "name": "(anonymous_3)",
        "decl": {
          "start": {
            "line": 34,
            "column": 2
          },
          "end": {
            "line": 34,
            "column": 3
          }
        },
        "loc": {
          "start": {
            "line": 34,
            "column": 13
          },
          "end": {
            "line": 34,
            "column": 27
          }
        },
        "line": 34
      },
      "4": {
        "name": "(anonymous_4)",
        "decl": {
          "start": {
            "line": 35,
            "column": 2
          },
          "end": {
            "line": 35,
            "column": 3
          }
        },
        "loc": {
          "start": {
            "line": 35,
            "column": 16
          },
          "end": {
            "line": 35,
            "column": 29
          }
        },
        "line": 35
      }
    },
    "branchMap": {},
    "s": {
      "0": 65,
      "1": 0,
      "2": 0,
      "3": 0,
      "4": 0,
      "5": 65,
      "6": 0,
      "7": 0
    },
    "f": {
      "0": 0,
      "1": 0,
      "2": 0,
      "3": 0,
      "4": 0
    },
    "b": {},
    "_coverageSchema": "43e27e138ebf9cfc5966b082cf9a028302ed4184",
    "hash": "b64107ef7067b5ca7b061df9d8d8af8182fa740d"
  },
  "C:\\Users\\andyx\\Desktop\\NU Labs\\Salad\\salad.nu\\src\\utils\\courseUtils.js": {
    "path": "C:\\Users\\andyx\\Desktop\\NU Labs\\Salad\\salad.nu\\src\\utils\\courseUtils.js",
    "statementMap": {
      "0": {
        "start": {
          "line": 1,
          "column": 16
        },
        "end": {
          "line": 4,
          "column": 1
        }
      },
      "1": {
        "start": {
          "line": 2,
          "column": 2
        },
        "end": {
          "line": 2,
          "column": 62
        }
      },
      "2": {
        "start": {
          "line": 2,
          "column": 52
        },
        "end": {
          "line": 2,
          "column": 62
        }
      },
      "3": {
        "start": {
          "line": 3,
          "column": 2
        },
        "end": {
          "line": 3,
          "column": 46
        }
      },
      "4": {
        "start": {
          "line": 6,
          "column": 20
        },
        "end": {
          "line": 9,
          "column": 1
        }
      },
      "5": {
        "start": {
          "line": 7,
          "column": 2
        },
        "end": {
          "line": 7,
          "column": 79
        }
      },
      "6": {
        "start": {
          "line": 7,
          "column": 69
        },
        "end": {
          "line": 7,
          "column": 79
        }
      },
      "7": {
        "start": {
          "line": 8,
          "column": 2
        },
        "end": {
          "line": 8,
          "column": 62
        }
      }
    },
    "fnMap": {
      "0": {
        "name": "(anonymous_0)",
        "decl": {
          "start": {
            "line": 1,
            "column": 16
          },
          "end": {
            "line": 1,
            "column": 17
          }
        },
        "loc": {
          "start": {
            "line": 1,
            "column": 28
          },
          "end": {
            "line": 4,
            "column": 1
          }
        },
        "line": 1
      },
      "1": {
        "name": "(anonymous_1)",
        "decl": {
          "start": {
            "line": 6,
            "column": 20
          },
          "end": {
            "line": 6,
            "column": 21
          }
        },
        "loc": {
          "start": {
            "line": 6,
            "column": 32
          },
          "end": {
            "line": 9,
            "column": 1
          }
        },
        "line": 6
      }
    },
    "branchMap": {
      "0": {
        "loc": {
          "start": {
            "line": 2,
            "column": 2
          },
          "end": {
            "line": 2,
            "column": 62
          }
        },
        "type": "if",
        "locations": [
          {
            "start": {
              "line": 2,
              "column": 2
            },
            "end": {
              "line": 2,
              "column": 62
            }
          },
          {
            "start": {
              "line": 2,
              "column": 2
            },
            "end": {
              "line": 2,
              "column": 62
            }
          }
        ],
        "line": 2
      },
      "1": {
        "loc": {
          "start": {
            "line": 2,
            "column": 6
          },
          "end": {
            "line": 2,
            "column": 50
          }
        },
        "type": "binary-expr",
        "locations": [
          {
            "start": {
              "line": 2,
              "column": 6
            },
            "end": {
              "line": 2,
              "column": 13
            }
          },
          {
            "start": {
              "line": 2,
              "column": 17
            },
            "end": {
              "line": 2,
              "column": 32
            }
          },
          {
            "start": {
              "line": 2,
              "column": 36
            },
            "end": {
              "line": 2,
              "column": 50
            }
          }
        ],
        "line": 2
      },
      "2": {
        "loc": {
          "start": {
            "line": 7,
            "column": 2
          },
          "end": {
            "line": 7,
            "column": 79
          }
        },
        "type": "if",
        "locations": [
          {
            "start": {
              "line": 7,
              "column": 2
            },
            "end": {
              "line": 7,
              "column": 79
            }
          },
          {
            "start": {
              "line": 7,
              "column": 2
            },
            "end": {
              "line": 7,
              "column": 79
            }
          }
        ],
        "line": 7
      },
      "3": {
        "loc": {
          "start": {
            "line": 7,
            "column": 6
          },
          "end": {
            "line": 7,
            "column": 67
          }
        },
        "type": "binary-expr",
        "locations": [
          {
            "start": {
              "line": 7,
              "column": 6
            },
            "end": {
              "line": 7,
              "column": 13
            }
          },
          {
            "start": {
              "line": 7,
              "column": 17
            },
            "end": {
              "line": 7,
              "column": 32
            }
          },
          {
            "start": {
              "line": 7,
              "column": 36
            },
            "end": {
              "line": 7,
              "column": 50
            }
          },
          {
            "start": {
              "line": 7,
              "column": 54
            },
            "end": {
              "line": 7,
              "column": 67
            }
          }
        ],
        "line": 7
      }
    },
    "s": {
      "0": 65,
      "1": 108473,
      "2": 0,
      "3": 108473,
      "4": 65,
      "5": 106944,
      "6": 0,
      "7": 106944
    },
    "f": {
      "0": 108473,
      "1": 106944
    },
    "b": {
      "0": [
        0,
        108473
      ],
      "1": [
        108473,
        108473,
        108473
      ],
      "2": [
        0,
        106944
      ],
      "3": [
        106944,
        106944,
        106944,
        106944
      ]
    },
    "_coverageSchema": "43e27e138ebf9cfc5966b082cf9a028302ed4184",
    "hash": "a514ec4726f789084201c207c0717ccb276af2ac"
  },
  "C:\\Users\\andyx\\Desktop\\NU Labs\\Salad\\salad.nu\\src\\utils\\searchUtils.js": {
    "path": "C:\\Users\\andyx\\Desktop\\NU Labs\\Salad\\salad.nu\\src\\utils\\searchUtils.js",
    "statementMap": {
      "0": {
        "start": {
          "line": 3,
          "column": 17
        },
        "end": {
          "line": 9,
          "column": 1
        }
      },
      "1": {
        "start": {
          "line": 4,
          "column": 18
        },
        "end": {
          "line": 4,
          "column": 28
        }
      },
      "2": {
        "start": {
          "line": 5,
          "column": 2
        },
        "end": {
          "line": 5,
          "column": 38
        }
      },
      "3": {
        "start": {
          "line": 5,
          "column": 28
        },
        "end": {
          "line": 5,
          "column": 38
        }
      },
      "4": {
        "start": {
          "line": 6,
          "column": 16
        },
        "end": {
          "line": 6,
          "column": 34
        }
      },
      "5": {
        "start": {
          "line": 7,
          "column": 17
        },
        "end": {
          "line": 7,
          "column": 58
        }
      },
      "6": {
        "start": {
          "line": 7,
          "column": 40
        },
        "end": {
          "line": 7,
          "column": 57
        }
      },
      "7": {
        "start": {
          "line": 8,
          "column": 2
        },
        "end": {
          "line": 8,
          "column": 16
        }
      },
      "8": {
        "start": {
          "line": 11,
          "column": 29
        },
        "end": {
          "line": 17,
          "column": 1
        }
      },
      "9": {
        "start": {
          "line": 12,
          "column": 18
        },
        "end": {
          "line": 12,
          "column": 19
        }
      },
      "10": {
        "start": {
          "line": 13,
          "column": 2
        },
        "end": {
          "line": 15,
          "column": 3
        }
      },
      "11": {
        "start": {
          "line": 14,
          "column": 4
        },
        "end": {
          "line": 14,
          "column": 57
        }
      },
      "12": {
        "start": {
          "line": 14,
          "column": 33
        },
        "end": {
          "line": 14,
          "column": 57
        }
      },
      "13": {
        "start": {
          "line": 16,
          "column": 2
        },
        "end": {
          "line": 16,
          "column": 19
        }
      },
      "14": {
        "start": {
          "line": 19,
          "column": 32
        },
        "end": {
          "line": 23,
          "column": 1
        }
      },
      "15": {
        "start": {
          "line": 20,
          "column": 16
        },
        "end": {
          "line": 20,
          "column": 29
        }
      },
      "16": {
        "start": {
          "line": 21,
          "column": 20
        },
        "end": {
          "line": 21,
          "column": 47
        }
      },
      "17": {
        "start": {
          "line": 22,
          "column": 2
        },
        "end": {
          "line": 22,
          "column": 19
        }
      },
      "18": {
        "start": {
          "line": 25,
          "column": 27
        },
        "end": {
          "line": 30,
          "column": 1
        }
      },
      "19": {
        "start": {
          "line": 26,
          "column": 2
        },
        "end": {
          "line": 28,
          "column": 3
        }
      },
      "20": {
        "start": {
          "line": 27,
          "column": 4
        },
        "end": {
          "line": 27,
          "column": 42
        }
      },
      "21": {
        "start": {
          "line": 27,
          "column": 29
        },
        "end": {
          "line": 27,
          "column": 42
        }
      },
      "22": {
        "start": {
          "line": 29,
          "column": 2
        },
        "end": {
          "line": 29,
          "column": 14
        }
      },
      "23": {
        "start": {
          "line": 32,
          "column": 22
        },
        "end": {
          "line": 49,
          "column": 1
        }
      },
      "24": {
        "start": {
          "line": 33,
          "column": 22
        },
        "end": {
          "line": 33,
          "column": 55
        }
      },
      "25": {
        "start": {
          "line": 35,
          "column": 29
        },
        "end": {
          "line": 35,
          "column": 31
        }
      },
      "26": {
        "start": {
          "line": 36,
          "column": 30
        },
        "end": {
          "line": 36,
          "column": 32
        }
      },
      "27": {
        "start": {
          "line": 37,
          "column": 2
        },
        "end": {
          "line": 46,
          "column": 3
        }
      },
      "28": {
        "start": {
          "line": 38,
          "column": 23
        },
        "end": {
          "line": 38,
          "column": 52
        }
      },
      "29": {
        "start": {
          "line": 39,
          "column": 24
        },
        "end": {
          "line": 39,
          "column": 57
        }
      },
      "30": {
        "start": {
          "line": 41,
          "column": 4
        },
        "end": {
          "line": 45,
          "column": 5
        }
      },
      "31": {
        "start": {
          "line": 42,
          "column": 6
        },
        "end": {
          "line": 42,
          "column": 38
        }
      },
      "32": {
        "start": {
          "line": 43,
          "column": 11
        },
        "end": {
          "line": 45,
          "column": 5
        }
      },
      "33": {
        "start": {
          "line": 44,
          "column": 6
        },
        "end": {
          "line": 44,
          "column": 39
        }
      },
      "34": {
        "start": {
          "line": 47,
          "column": 25
        },
        "end": {
          "line": 47,
          "column": 72
        }
      },
      "35": {
        "start": {
          "line": 48,
          "column": 2
        },
        "end": {
          "line": 48,
          "column": 24
        }
      },
      "36": {
        "start": {
          "line": 51,
          "column": 37
        },
        "end": {
          "line": 57,
          "column": 1
        }
      },
      "37": {
        "start": {
          "line": 52,
          "column": 25
        },
        "end": {
          "line": 55,
          "column": 3
        }
      },
      "38": {
        "start": {
          "line": 54,
          "column": 6
        },
        "end": {
          "line": 54,
          "column": 66
        }
      },
      "39": {
        "start": {
          "line": 56,
          "column": 2
        },
        "end": {
          "line": 56,
          "column": 30
        }
      }
    },
    "fnMap": {
      "0": {
        "name": "(anonymous_0)",
        "decl": {
          "start": {
            "line": 3,
            "column": 17
          },
          "end": {
            "line": 3,
            "column": 18
          }
        },
        "loc": {
          "start": {
            "line": 3,
            "column": 26
          },
          "end": {
            "line": 9,
            "column": 1
          }
        },
        "line": 3
      },
      "1": {
        "name": "(anonymous_1)",
        "decl": {
          "start": {
            "line": 7,
            "column": 30
          },
          "end": {
            "line": 7,
            "column": 31
          }
        },
        "loc": {
          "start": {
            "line": 7,
            "column": 40
          },
          "end": {
            "line": 7,
            "column": 57
          }
        },
        "line": 7
      },
      "2": {
        "name": "(anonymous_2)",
        "decl": {
          "start": {
            "line": 11,
            "column": 29
          },
          "end": {
            "line": 11,
            "column": 30
          }
        },
        "loc": {
          "start": {
            "line": 11,
            "column": 40
          },
          "end": {
            "line": 17,
            "column": 1
          }
        },
        "line": 11
      },
      "3": {
        "name": "(anonymous_3)",
        "decl": {
          "start": {
            "line": 19,
            "column": 32
          },
          "end": {
            "line": 19,
            "column": 33
          }
        },
        "loc": {
          "start": {
            "line": 19,
            "column": 41
          },
          "end": {
            "line": 23,
            "column": 1
          }
        },
        "line": 19
      },
      "4": {
        "name": "(anonymous_4)",
        "decl": {
          "start": {
            "line": 25,
            "column": 27
          },
          "end": {
            "line": 25,
            "column": 28
          }
        },
        "loc": {
          "start": {
            "line": 25,
            "column": 43
          },
          "end": {
            "line": 30,
            "column": 1
          }
        },
        "line": 25
      },
      "5": {
        "name": "(anonymous_5)",
        "decl": {
          "start": {
            "line": 32,
            "column": 22
          },
          "end": {
            "line": 32,
            "column": 23
          }
        },
        "loc": {
          "start": {
            "line": 32,
            "column": 46
          },
          "end": {
            "line": 49,
            "column": 1
          }
        },
        "line": 32
      },
      "6": {
        "name": "(anonymous_6)",
        "decl": {
          "start": {
            "line": 51,
            "column": 37
          },
          "end": {
            "line": 51,
            "column": 38
          }
        },
        "loc": {
          "start": {
            "line": 51,
            "column": 67
          },
          "end": {
            "line": 57,
            "column": 1
          }
        },
        "line": 51
      },
      "7": {
        "name": "(anonymous_7)",
        "decl": {
          "start": {
            "line": 53,
            "column": 4
          },
          "end": {
            "line": 53,
            "column": 5
          }
        },
        "loc": {
          "start": {
            "line": 54,
            "column": 6
          },
          "end": {
            "line": 54,
            "column": 66
          }
        },
        "line": 54
      }
    },
    "branchMap": {
      "0": {
        "loc": {
          "start": {
            "line": 5,
            "column": 2
          },
          "end": {
            "line": 5,
            "column": 38
          }
        },
        "type": "if",
        "locations": [
          {
            "start": {
              "line": 5,
              "column": 2
            },
            "end": {
              "line": 5,
              "column": 38
            }
          },
          {
            "start": {
              "line": 5,
              "column": 2
            },
            "end": {
              "line": 5,
              "column": 38
            }
          }
        ],
        "line": 5
      },
      "1": {
        "loc": {
          "start": {
            "line": 14,
            "column": 4
          },
          "end": {
            "line": 14,
            "column": 57
          }
        },
        "type": "if",
        "locations": [
          {
            "start": {
              "line": 14,
              "column": 4
            },
            "end": {
              "line": 14,
              "column": 57
            }
          },
          {
            "start": {
              "line": 14,
              "column": 4
            },
            "end": {
              "line": 14,
              "column": 57
            }
          }
        ],
        "line": 14
      },
      "2": {
        "loc": {
          "start": {
            "line": 27,
            "column": 4
          },
          "end": {
            "line": 27,
            "column": 42
          }
        },
        "type": "if",
        "locations": [
          {
            "start": {
              "line": 27,
              "column": 4
            },
            "end": {
              "line": 27,
              "column": 42
            }
          },
          {
            "start": {
              "line": 27,
              "column": 4
            },
            "end": {
              "line": 27,
              "column": 42
            }
          }
        ],
        "line": 27
      },
      "3": {
        "loc": {
          "start": {
            "line": 41,
            "column": 4
          },
          "end": {
            "line": 45,
            "column": 5
          }
        },
        "type": "if",
        "locations": [
          {
            "start": {
              "line": 41,
              "column": 4
            },
            "end": {
              "line": 45,
              "column": 5
            }
          },
          {
            "start": {
              "line": 41,
              "column": 4
            },
            "end": {
              "line": 45,
              "column": 5
            }
          }
        ],
        "line": 41
      },
      "4": {
        "loc": {
          "start": {
            "line": 43,
            "column": 11
          },
          "end": {
            "line": 45,
            "column": 5
          }
        },
        "type": "if",
        "locations": [
          {
            "start": {
              "line": 43,
              "column": 11
            },
            "end": {
              "line": 45,
              "column": 5
            }
          },
          {
            "start": {
              "line": 43,
              "column": 11
            },
            "end": {
              "line": 45,
              "column": 5
            }
          }
        ],
        "line": 43
      },
      "5": {
        "loc": {
          "start": {
            "line": 54,
            "column": 6
          },
          "end": {
            "line": 54,
            "column": 66
          }
        },
        "type": "binary-expr",
        "locations": [
          {
            "start": {
              "line": 54,
              "column": 7
            },
            "end": {
              "line": 54,
              "column": 14
            }
          },
          {
            "start": {
              "line": 54,
              "column": 18
            },
            "end": {
              "line": 54,
              "column": 32
            }
          },
          {
            "start": {
              "line": 54,
              "column": 38
            },
            "end": {
              "line": 54,
              "column": 46
            }
          },
          {
            "start": {
              "line": 54,
              "column": 50
            },
            "end": {
              "line": 54,
              "column": 65
            }
          }
        ],
        "line": 54
      },
      "6": {
        "loc": {
          "start": {
            "line": 56,
            "column": 9
          },
          "end": {
            "line": 56,
            "column": 29
          }
        },
        "type": "binary-expr",
        "locations": [
          {
            "start": {
              "line": 56,
              "column": 9
            },
            "end": {
              "line": 56,
              "column": 23
            }
          },
          {
            "start": {
              "line": 56,
              "column": 27
            },
            "end": {
              "line": 56,
              "column": 29
            }
          }
        ],
        "line": 56
      }
    },
    "s": {
      "0": 65,
      "1": 2796,
      "2": 2796,
      "3": 2,
      "4": 2794,
      "5": 2794,
      "6": 7976,
      "7": 2794,
      "8": 65,
      "9": 2460,
      "10": 2460,
      "11": 7148,
      "12": 2710,
      "13": 2460,
      "14": 65,
      "15": 2460,
      "16": 2460,
      "17": 2460,
      "18": 65,
      "19": 202008,
      "20": 210968,
      "21": 183442,
      "22": 18566,
      "23": 65,
      "24": 336,
      "25": 336,
      "26": 336,
      "27": 336,
      "28": 106944,
      "29": 106944,
      "30": 106944,
      "31": 11880,
      "32": 95064,
      "33": 6686,
      "34": 336,
      "35": 336,
      "36": 65,
      "37": 336,
      "38": 18566,
      "39": 336
    },
    "f": {
      "0": 2796,
      "1": 7976,
      "2": 2460,
      "3": 2460,
      "4": 202008,
      "5": 336,
      "6": 336,
      "7": 18566
    },
    "b": {
      "0": [
        2,
        2794
      ],
      "1": [
        2710,
        4438
      ],
      "2": [
        183442,
        27526
      ],
      "3": [
        11880,
        95064
      ],
      "4": [
        6686,
        88378
      ],
      "5": [
        18566,
        0,
        18566,
        0
      ],
      "6": [
        336,
        0
      ]
    },
    "_coverageSchema": "43e27e138ebf9cfc5966b082cf9a028302ed4184",
    "hash": "0d8c09126f918004b3f192c54dab05e2ec70f2c4"
  },
  "C:\\Users\\andyx\\Desktop\\NU Labs\\Salad\\salad.nu\\src\\configs.js": {
    "path": "C:\\Users\\andyx\\Desktop\\NU Labs\\Salad\\salad.nu\\src\\configs.js",
    "statementMap": {
      "0": {
        "start": {
          "line": 1,
          "column": 26
        },
        "end": {
          "line": 1,
          "column": 27
        }
      },
      "1": {
        "start": {
          "line": 2,
          "column": 25
        },
        "end": {
          "line": 2,
          "column": 29
        }
      },
      "2": {
        "start": {
          "line": 3,
          "column": 24
        },
        "end": {
          "line": 3,
          "column": 28
        }
      },
      "3": {
        "start": {
          "line": 5,
          "column": 21
        },
        "end": {
          "line": 5,
          "column": 51
        }
      },
      "4": {
        "start": {
          "line": 6,
          "column": 24
        },
        "end": {
          "line": 6,
          "column": 36
        }
      },
      "5": {
        "start": {
          "line": 7,
          "column": 27
        },
        "end": {
          "line": 7,
          "column": 28
        }
      },
      "6": {
        "start": {
          "line": 8,
          "column": 25
        },
        "end": {
          "line": 8,
          "column": 27
        }
      }
    },
    "fnMap": {},
    "branchMap": {},
    "s": {
      "0": 65,
      "1": 65,
      "2": 65,
      "3": 65,
      "4": 65,
      "5": 65,
      "6": 65
    },
    "f": {},
    "b": {},
    "_coverageSchema": "43e27e138ebf9cfc5966b082cf9a028302ed4184",
    "hash": "598c4c185a15ecc89a9863214211616355b868a4"
  },
  "C:\\Users\\andyx\\Desktop\\NU Labs\\Salad\\salad.nu\\src\\store\\actions\\courseActions.js": {
    "path": "C:\\Users\\andyx\\Desktop\\NU Labs\\Salad\\salad.nu\\src\\store\\actions\\courseActions.js",
    "statementMap": {
      "0": {
        "start": {
          "line": 7,
          "column": 33
        },
        "end": {
          "line": 7,
          "column": 66
        }
      },
      "1": {
        "start": {
          "line": 8,
          "column": 38
        },
        "end": {
          "line": 8,
          "column": 76
        }
      },
      "2": {
        "start": {
          "line": 9,
          "column": 32
        },
        "end": {
          "line": 9,
          "column": 64
        }
      },
      "3": {
        "start": {
          "line": 10,
          "column": 43
        },
        "end": {
          "line": 12,
          "column": 1
        }
      },
      "4": {
        "start": {
          "line": 15,
          "column": 27
        },
        "end": {
          "line": 41,
          "column": 1
        }
      },
      "5": {
        "start": {
          "line": 15,
          "column": 64
        },
        "end": {
          "line": 41,
          "column": 1
        }
      },
      "6": {
        "start": {
          "line": 17,
          "column": 17
        },
        "end": {
          "line": 17,
          "column": 48
        }
      },
      "7": {
        "start": {
          "line": 18,
          "column": 2
        },
        "end": {
          "line": 38,
          "column": 3
        }
      },
      "8": {
        "start": {
          "line": 23,
          "column": 4
        },
        "end": {
          "line": 27,
          "column": 7
        }
      },
      "9": {
        "start": {
          "line": 29,
          "column": 4
        },
        "end": {
          "line": 37,
          "column": 7
        }
      },
      "10": {
        "start": {
          "line": 40,
          "column": 2
        },
        "end": {
          "line": 40,
          "column": 26
        }
      }
    },
    "fnMap": {
      "0": {
        "name": "(anonymous_0)",
        "decl": {
          "start": {
            "line": 15,
            "column": 27
          },
          "end": {
            "line": 15,
            "column": 28
          }
        },
        "loc": {
          "start": {
            "line": 15,
            "column": 64
          },
          "end": {
            "line": 41,
            "column": 1
          }
        },
        "line": 15
      },
      "1": {
        "name": "(anonymous_1)",
        "decl": {
          "start": {
            "line": 15,
            "column": 64
          },
          "end": {
            "line": 15,
            "column": 65
          }
        },
        "loc": {
          "start": {
            "line": 15,
            "column": 78
          },
          "end": {
            "line": 41,
            "column": 1
          }
        },
        "line": 15
      }
    },
    "branchMap": {
      "0": {
        "loc": {
          "start": {
            "line": 18,
            "column": 2
          },
          "end": {
            "line": 38,
            "column": 3
          }
        },
        "type": "if",
        "locations": [
          {
            "start": {
              "line": 18,
              "column": 2
            },
            "end": {
              "line": 38,
              "column": 3
            }
          },
          {
            "start": {
              "line": 18,
              "column": 2
            },
            "end": {
              "line": 38,
              "column": 3
            }
          }
        ],
        "line": 18
      },
      "1": {
        "loc": {
          "start": {
            "line": 19,
            "column": 4
          },
          "end": {
            "line": 21,
            "column": 39
          }
        },
        "type": "binary-expr",
        "locations": [
          {
            "start": {
              "line": 19,
              "column": 4
            },
            "end": {
              "line": 19,
              "column": 30
            }
          },
          {
            "start": {
              "line": 20,
              "column": 4
            },
            "end": {
              "line": 20,
              "column": 27
            }
          },
          {
            "start": {
              "line": 21,
              "column": 4
            },
            "end": {
              "line": 21,
              "column": 39
            }
          }
        ],
        "line": 19
      }
    },
    "s": {
      "0": 65,
      "1": 65,
      "2": 65,
      "3": 65,
      "4": 65,
      "5": 336,
      "6": 336,
      "7": 336,
      "8": 298,
      "9": 38,
      "10": 336
    },
    "f": {
      "0": 336,
      "1": 336
    },
    "b": {
      "0": [
        298,
        38
      ],
      "1": [
        336,
        298,
        298
      ]
    },
    "_coverageSchema": "43e27e138ebf9cfc5966b082cf9a028302ed4184",
    "hash": "2772d5edbb0798fe7fca36bc09b9eb77912ad07f"
  },
  "C:\\Users\\andyx\\Desktop\\NU Labs\\Salad\\salad.nu\\src\\store\\reducers\\courses.js": {
    "path": "C:\\Users\\andyx\\Desktop\\NU Labs\\Salad\\salad.nu\\src\\store\\reducers\\courses.js",
    "statementMap": {
      "0": {
        "start": {
          "line": 14,
          "column": 15
        },
        "end": {
          "line": 18,
          "column": 1
        }
      },
      "1": {
        "start": {
          "line": 15,
          "column": 17
        },
        "end": {
          "line": 15,
          "column": 47
        }
      },
      "2": {
        "start": {
          "line": 16,
          "column": 2
        },
        "end": {
          "line": 16,
          "column": 69
        }
      },
      "3": {
        "start": {
          "line": 17,
          "column": 2
        },
        "end": {
          "line": 17,
          "column": 18
        }
      },
      "4": {
        "start": {
          "line": 21,
          "column": 14
        },
        "end": {
          "line": 50,
          "column": 2
        }
      },
      "5": {
        "start": {
          "line": 30,
          "column": 6
        },
        "end": {
          "line": 30,
          "column": 29
        }
      },
      "6": {
        "start": {
          "line": 33,
          "column": 6
        },
        "end": {
          "line": 33,
          "column": 30
        }
      },
      "7": {
        "start": {
          "line": 36,
          "column": 23
        },
        "end": {
          "line": 36,
          "column": 42
        }
      },
      "8": {
        "start": {
          "line": 37,
          "column": 24
        },
        "end": {
          "line": 37,
          "column": 48
        }
      },
      "9": {
        "start": {
          "line": 38,
          "column": 21
        },
        "end": {
          "line": 38,
          "column": 42
        }
      },
      "10": {
        "start": {
          "line": 39,
          "column": 22
        },
        "end": {
          "line": 39,
          "column": 44
        }
      },
      "11": {
        "start": {
          "line": 40,
          "column": 6
        },
        "end": {
          "line": 40,
          "column": 66
        }
      },
      "12": {
        "start": {
          "line": 41,
          "column": 6
        },
        "end": {
          "line": 41,
          "column": 30
        }
      },
      "13": {
        "start": {
          "line": 44,
          "column": 24
        },
        "end": {
          "line": 44,
          "column": 48
        }
      },
      "14": {
        "start": {
          "line": 45,
          "column": 21
        },
        "end": {
          "line": 45,
          "column": 42
        }
      },
      "15": {
        "start": {
          "line": 46,
          "column": 22
        },
        "end": {
          "line": 46,
          "column": 44
        }
      },
      "16": {
        "start": {
          "line": 47,
          "column": 6
        },
        "end": {
          "line": 47,
          "column": 70
        }
      },
      "17": {
        "start": {
          "line": 54,
          "column": 26
        },
        "end": {
          "line": 57,
          "column": 1
        }
      },
      "18": {
        "start": {
          "line": 55,
          "column": 13
        },
        "end": {
          "line": 55,
          "column": 26
        }
      },
      "19": {
        "start": {
          "line": 56,
          "column": 15
        },
        "end": {
          "line": 56,
          "column": 27
        }
      }
    },
    "fnMap": {
      "0": {
        "name": "(anonymous_0)",
        "decl": {
          "start": {
            "line": 14,
            "column": 15
          },
          "end": {
            "line": 14,
            "column": 16
          }
        },
        "loc": {
          "start": {
            "line": 14,
            "column": 53
          },
          "end": {
            "line": 18,
            "column": 1
          }
        },
        "line": 14
      },
      "1": {
        "name": "(anonymous_1)",
        "decl": {
          "start": {
            "line": 29,
            "column": 25
          },
          "end": {
            "line": 29,
            "column": 26
          }
        },
        "loc": {
          "start": {
            "line": 29,
            "column": 46
          },
          "end": {
            "line": 31,
            "column": 5
          }
        },
        "line": 29
      },
      "2": {
        "name": "(anonymous_2)",
        "decl": {
          "start": {
            "line": 32,
            "column": 30
          },
          "end": {
            "line": 32,
            "column": 31
          }
        },
        "loc": {
          "start": {
            "line": 32,
            "column": 51
          },
          "end": {
            "line": 34,
            "column": 5
          }
        },
        "line": 32
      },
      "3": {
        "name": "(anonymous_3)",
        "decl": {
          "start": {
            "line": 35,
            "column": 24
          },
          "end": {
            "line": 35,
            "column": 25
          }
        },
        "loc": {
          "start": {
            "line": 35,
            "column": 45
          },
          "end": {
            "line": 42,
            "column": 5
          }
        },
        "line": 35
      },
      "4": {
        "name": "(anonymous_4)",
        "decl": {
          "start": {
            "line": 43,
            "column": 35
          },
          "end": {
            "line": 43,
            "column": 36
          }
        },
        "loc": {
          "start": {
            "line": 43,
            "column": 56
          },
          "end": {
            "line": 48,
            "column": 5
          }
        },
        "line": 43
      },
      "5": {
        "name": "(anonymous_5)",
        "decl": {
          "start": {
            "line": 55,
            "column": 2
          },
          "end": {
            "line": 55,
            "column": 3
          }
        },
        "loc": {
          "start": {
            "line": 55,
            "column": 13
          },
          "end": {
            "line": 55,
            "column": 26
          }
        },
        "line": 55
      },
      "6": {
        "name": "(anonymous_6)",
        "decl": {
          "start": {
            "line": 56,
            "column": 2
          },
          "end": {
            "line": 56,
            "column": 3
          }
        },
        "loc": {
          "start": {
            "line": 56,
            "column": 15
          },
          "end": {
            "line": 56,
            "column": 27
          }
        },
        "line": 56
      }
    },
    "branchMap": {},
    "s": {
      "0": 65,
      "1": 336,
      "2": 336,
      "3": 336,
      "4": 65,
      "5": 38,
      "6": 0,
      "7": 38,
      "8": 38,
      "9": 38,
      "10": 38,
      "11": 38,
      "12": 38,
      "13": 298,
      "14": 298,
      "15": 298,
      "16": 298,
      "17": 65,
      "18": 950,
      "19": 414
    },
    "f": {
      "0": 336,
      "1": 38,
      "2": 0,
      "3": 38,
      "4": 298,
      "5": 950,
      "6": 414
    },
    "b": {},
    "_coverageSchema": "43e27e138ebf9cfc5966b082cf9a028302ed4184",
    "hash": "23c331d7283a813874addaf05179e0edfa778d87"
  },
  "C:\\Users\\andyx\\Desktop\\NU Labs\\Salad\\salad.nu\\src\\store\\actions\\sectionActions.js": {
    "path": "C:\\Users\\andyx\\Desktop\\NU Labs\\Salad\\salad.nu\\src\\store\\actions\\sectionActions.js",
    "statementMap": {
      "0": {
        "start": {
          "line": 5,
          "column": 34
        },
        "end": {
          "line": 5,
          "column": 68
        }
      },
      "1": {
        "start": {
          "line": 6,
          "column": 39
        },
        "end": {
          "line": 6,
          "column": 78
        }
      },
      "2": {
        "start": {
          "line": 7,
          "column": 33
        },
        "end": {
          "line": 7,
          "column": 66
        }
      },
      "3": {
        "start": {
          "line": 10,
          "column": 28
        },
        "end": {
          "line": 20,
          "column": 1
        }
      },
      "4": {
        "start": {
          "line": 10,
          "column": 42
        },
        "end": {
          "line": 20,
          "column": 1
        }
      },
      "5": {
        "start": {
          "line": 11,
          "column": 2
        },
        "end": {
          "line": 19,
          "column": 4
        }
      }
    },
    "fnMap": {
      "0": {
        "name": "(anonymous_0)",
        "decl": {
          "start": {
            "line": 10,
            "column": 28
          },
          "end": {
            "line": 10,
            "column": 29
          }
        },
        "loc": {
          "start": {
            "line": 10,
            "column": 42
          },
          "end": {
            "line": 20,
            "column": 1
          }
        },
        "line": 10
      },
      "1": {
        "name": "(anonymous_1)",
        "decl": {
          "start": {
            "line": 10,
            "column": 42
          },
          "end": {
            "line": 10,
            "column": 43
          }
        },
        "loc": {
          "start": {
            "line": 10,
            "column": 66
          },
          "end": {
            "line": 20,
            "column": 1
          }
        },
        "line": 10
      }
    },
    "branchMap": {},
    "s": {
      "0": 65,
      "1": 65,
      "2": 65,
      "3": 65,
      "4": 30,
      "5": 30
    },
    "f": {
      "0": 30,
      "1": 30
    },
    "b": {},
    "_coverageSchema": "43e27e138ebf9cfc5966b082cf9a028302ed4184",
    "hash": "91889a36cd44451c705dd3efa78986baddbe7894"
  },
  "C:\\Users\\andyx\\Desktop\\NU Labs\\Salad\\salad.nu\\src\\store\\reducers\\sections.js": {
    "path": "C:\\Users\\andyx\\Desktop\\NU Labs\\Salad\\salad.nu\\src\\store\\reducers\\sections.js",
    "statementMap": {
      "0": {
        "start": {
          "line": 10,
          "column": 14
        },
        "end": {
          "line": 29,
          "column": 2
        }
      },
      "1": {
        "start": {
          "line": 19,
          "column": 6
        },
        "end": {
          "line": 19,
          "column": 30
        }
      },
      "2": {
        "start": {
          "line": 22,
          "column": 6
        },
        "end": {
          "line": 22,
          "column": 31
        }
      },
      "3": {
        "start": {
          "line": 25,
          "column": 6
        },
        "end": {
          "line": 25,
          "column": 42
        }
      },
      "4": {
        "start": {
          "line": 26,
          "column": 6
        },
        "end": {
          "line": 26,
          "column": 31
        }
      },
      "5": {
        "start": {
          "line": 33,
          "column": 27
        },
        "end": {
          "line": 36,
          "column": 1
        }
      },
      "6": {
        "start": {
          "line": 34,
          "column": 13
        },
        "end": {
          "line": 34,
          "column": 27
        }
      },
      "7": {
        "start": {
          "line": 35,
          "column": 16
        },
        "end": {
          "line": 35,
          "column": 29
        }
      },
      "8": {
        "start": {
          "line": 38,
          "column": 26
        },
        "end": {
          "line": 42,
          "column": 3
        }
      },
      "9": {
        "start": {
          "line": 39,
          "column": 2
        },
        "end": {
          "line": 42,
          "column": 3
        }
      },
      "10": {
        "start": {
          "line": 40,
          "column": 15
        },
        "end": {
          "line": 40,
          "column": 29
        }
      },
      "11": {
        "start": {
          "line": 41,
          "column": 18
        },
        "end": {
          "line": 41,
          "column": 75
        }
      },
      "12": {
        "start": {
          "line": 41,
          "column": 50
        },
        "end": {
          "line": 41,
          "column": 74
        }
      }
    },
    "fnMap": {
      "0": {
        "name": "(anonymous_0)",
        "decl": {
          "start": {
            "line": 18,
            "column": 26
          },
          "end": {
            "line": 18,
            "column": 27
          }
        },
        "loc": {
          "start": {
            "line": 18,
            "column": 48
          },
          "end": {
            "line": 20,
            "column": 5
          }
        },
        "line": 18
      },
      "1": {
        "name": "(anonymous_1)",
        "decl": {
          "start": {
            "line": 21,
            "column": 31
          },
          "end": {
            "line": 21,
            "column": 32
          }
        },
        "loc": {
          "start": {
            "line": 21,
            "column": 53
          },
          "end": {
            "line": 23,
            "column": 5
          }
        },
        "line": 21
      },
      "2": {
        "name": "(anonymous_2)",
        "decl": {
          "start": {
            "line": 24,
            "column": 25
          },
          "end": {
            "line": 24,
            "column": 26
          }
        },
        "loc": {
          "start": {
            "line": 24,
            "column": 47
          },
          "end": {
            "line": 27,
            "column": 5
          }
        },
        "line": 24
      },
      "3": {
        "name": "(anonymous_3)",
        "decl": {
          "start": {
            "line": 34,
            "column": 2
          },
          "end": {
            "line": 34,
            "column": 3
          }
        },
        "loc": {
          "start": {
            "line": 34,
            "column": 13
          },
          "end": {
            "line": 34,
            "column": 27
          }
        },
        "line": 34
      },
      "4": {
        "name": "(anonymous_4)",
        "decl": {
          "start": {
            "line": 35,
            "column": 2
          },
          "end": {
            "line": 35,
            "column": 3
          }
        },
        "loc": {
          "start": {
            "line": 35,
            "column": 16
          },
          "end": {
            "line": 35,
            "column": 29
          }
        },
        "line": 35
      },
      "5": {
        "name": "(anonymous_5)",
        "decl": {
          "start": {
            "line": 38,
            "column": 26
          },
          "end": {
            "line": 38,
            "column": 27
          }
        },
        "loc": {
          "start": {
            "line": 39,
            "column": 2
          },
          "end": {
            "line": 42,
            "column": 3
          }
        },
        "line": 39
      },
      "6": {
        "name": "(anonymous_6)",
        "decl": {
          "start": {
            "line": 40,
            "column": 4
          },
          "end": {
            "line": 40,
            "column": 5
          }
        },
        "loc": {
          "start": {
            "line": 40,
            "column": 15
          },
          "end": {
            "line": 40,
            "column": 29
          }
        },
        "line": 40
      },
      "7": {
        "name": "(anonymous_7)",
        "decl": {
          "start": {
            "line": 41,
            "column": 4
          },
          "end": {
            "line": 41,
            "column": 5
          }
        },
        "loc": {
          "start": {
            "line": 41,
            "column": 18
          },
          "end": {
            "line": 41,
            "column": 75
          }
        },
        "line": 41
      },
      "8": {
        "name": "(anonymous_8)",
        "decl": {
          "start": {
            "line": 41,
            "column": 37
          },
          "end": {
            "line": 41,
            "column": 38
          }
        },
        "loc": {
          "start": {
            "line": 41,
            "column": 50
          },
          "end": {
            "line": 41,
            "column": 74
          }
        },
        "line": 41
      }
    },
    "branchMap": {},
    "s": {
      "0": 65,
      "1": 30,
      "2": 0,
      "3": 30,
      "4": 30,
      "5": 65,
      "6": 200,
      "7": 60,
      "8": 65,
      "9": 250,
      "10": 1633,
      "11": 310,
      "12": 140
    },
    "f": {
      "0": 30,
      "1": 0,
      "2": 30,
      "3": 200,
      "4": 60,
      "5": 250,
      "6": 1633,
      "7": 310,
      "8": 140
    },
    "b": {},
    "_coverageSchema": "43e27e138ebf9cfc5966b082cf9a028302ed4184",
    "hash": "dfbc49d10f54c2fff79812d31b1a01551969c70c"
  },
  "C:\\Users\\andyx\\Desktop\\NU Labs\\Salad\\salad.nu\\src\\store\\actions\\discussionActions.js": {
    "path": "C:\\Users\\andyx\\Desktop\\NU Labs\\Salad\\salad.nu\\src\\store\\actions\\discussionActions.js",
    "statementMap": {
      "0": {
        "start": {
          "line": 5,
          "column": 37
        },
        "end": {
          "line": 5,
          "column": 74
        }
      },
      "1": {
        "start": {
          "line": 6,
          "column": 42
        },
        "end": {
          "line": 8,
          "column": 1
        }
      },
      "2": {
        "start": {
          "line": 9,
          "column": 36
        },
        "end": {
          "line": 9,
          "column": 72
        }
      },
      "3": {
        "start": {
          "line": 12,
          "column": 31
        },
        "end": {
          "line": 22,
          "column": 1
        }
      },
      "4": {
        "start": {
          "line": 12,
          "column": 45
        },
        "end": {
          "line": 22,
          "column": 1
        }
      },
      "5": {
        "start": {
          "line": 13,
          "column": 2
        },
        "end": {
          "line": 21,
          "column": 4
        }
      }
    },
    "fnMap": {
      "0": {
        "name": "(anonymous_0)",
        "decl": {
          "start": {
            "line": 12,
            "column": 31
          },
          "end": {
            "line": 12,
            "column": 32
          }
        },
        "loc": {
          "start": {
            "line": 12,
            "column": 45
          },
          "end": {
            "line": 22,
            "column": 1
          }
        },
        "line": 12
      },
      "1": {
        "name": "(anonymous_1)",
        "decl": {
          "start": {
            "line": 12,
            "column": 45
          },
          "end": {
            "line": 12,
            "column": 46
          }
        },
        "loc": {
          "start": {
            "line": 12,
            "column": 69
          },
          "end": {
            "line": 22,
            "column": 1
          }
        },
        "line": 12
      }
    },
    "branchMap": {},
    "s": {
      "0": 65,
      "1": 65,
      "2": 65,
      "3": 65,
      "4": 30,
      "5": 30
    },
    "f": {
      "0": 30,
      "1": 30
    },
    "b": {},
    "_coverageSchema": "43e27e138ebf9cfc5966b082cf9a028302ed4184",
    "hash": "ddcd6530aa3dce8d253c2ecdc08f0a55fa553b8a"
  },
  "C:\\Users\\andyx\\Desktop\\NU Labs\\Salad\\salad.nu\\src\\store\\reducers\\discussions.js": {
    "path": "C:\\Users\\andyx\\Desktop\\NU Labs\\Salad\\salad.nu\\src\\store\\reducers\\discussions.js",
    "statementMap": {
      "0": {
        "start": {
          "line": 10,
          "column": 14
        },
        "end": {
          "line": 29,
          "column": 2
        }
      },
      "1": {
        "start": {
          "line": 19,
          "column": 6
        },
        "end": {
          "line": 19,
          "column": 33
        }
      },
      "2": {
        "start": {
          "line": 22,
          "column": 6
        },
        "end": {
          "line": 22,
          "column": 34
        }
      },
      "3": {
        "start": {
          "line": 25,
          "column": 6
        },
        "end": {
          "line": 25,
          "column": 45
        }
      },
      "4": {
        "start": {
          "line": 26,
          "column": 6
        },
        "end": {
          "line": 26,
          "column": 34
        }
      },
      "5": {
        "start": {
          "line": 33,
          "column": 30
        },
        "end": {
          "line": 36,
          "column": 1
        }
      },
      "6": {
        "start": {
          "line": 34,
          "column": 13
        },
        "end": {
          "line": 34,
          "column": 35
        }
      },
      "7": {
        "start": {
          "line": 35,
          "column": 19
        },
        "end": {
          "line": 35,
          "column": 30
        }
      },
      "8": {
        "start": {
          "line": 38,
          "column": 29
        },
        "end": {
          "line": 43,
          "column": 3
        }
      },
      "9": {
        "start": {
          "line": 39,
          "column": 2
        },
        "end": {
          "line": 43,
          "column": 3
        }
      },
      "10": {
        "start": {
          "line": 40,
          "column": 15
        },
        "end": {
          "line": 40,
          "column": 37
        }
      },
      "11": {
        "start": {
          "line": 42,
          "column": 6
        },
        "end": {
          "line": 42,
          "column": 67
        }
      },
      "12": {
        "start": {
          "line": 42,
          "column": 39
        },
        "end": {
          "line": 42,
          "column": 66
        }
      }
    },
    "fnMap": {
      "0": {
        "name": "(anonymous_0)",
        "decl": {
          "start": {
            "line": 18,
            "column": 29
          },
          "end": {
            "line": 18,
            "column": 30
          }
        },
        "loc": {
          "start": {
            "line": 18,
            "column": 54
          },
          "end": {
            "line": 20,
            "column": 5
          }
        },
        "line": 18
      },
      "1": {
        "name": "(anonymous_1)",
        "decl": {
          "start": {
            "line": 21,
            "column": 34
          },
          "end": {
            "line": 21,
            "column": 35
          }
        },
        "loc": {
          "start": {
            "line": 21,
            "column": 59
          },
          "end": {
            "line": 23,
            "column": 5
          }
        },
        "line": 21
      },
      "2": {
        "name": "(anonymous_2)",
        "decl": {
          "start": {
            "line": 24,
            "column": 28
          },
          "end": {
            "line": 24,
            "column": 29
          }
        },
        "loc": {
          "start": {
            "line": 24,
            "column": 53
[...]
          }
        },
        "loc": {
          "start": {
            "line": 34,
            "column": 42
          },
          "end": {
            "line": 53,
            "column": 5
          }
        },
        "line": 34
      },
      "2": {
        "name": "(anonymous_2)",
        "decl": {
          "start": {
            "line": 43,
            "column": 43
          },
          "end": {
            "line": 43,
            "column": 44
          }
        },
        "loc": {
          "start": {
            "line": 43,
            "column": 49
          },
          "end": {
            "line": 48,
            "column": 9
          }
        },
        "line": 43
      },
      "3": {
        "name": "registerValidSW",
        "decl": {
          "start": {
            "line": 57,
            "column": 9
          },
          "end": {
            "line": 57,
            "column": 24
          }
        },
        "loc": {
          "start": {
            "line": 57,
            "column": 40
          },
          "end": {
            "line": 99,
            "column": 1
          }
        },
        "line": 57
      },
      "4": {
        "name": "(anonymous_4)",
        "decl": {
          "start": {
            "line": 60,
            "column": 10
          },
          "end": {
            "line": 60,
            "column": 11
          }
        },
        "loc": {
          "start": {
            "line": 60,
            "column": 26
          },
          "end": {
            "line": 95,
            "column": 5
          }
        },
        "line": 60
      },
      "5": {
        "name": "(anonymous_5)",
        "decl": {
          "start": {
            "line": 61,
            "column": 35
          },
          "end": {
            "line": 61,
            "column": 36
          }
        },
        "loc": {
          "start": {
            "line": 61,
            "column": 41
          },
          "end": {
            "line": 94,
            "column": 7
          }
        },
        "line": 61
      },
      "6": {
        "name": "(anonymous_6)",
        "decl": {
          "start": {
            "line": 66,
            "column": 41
          },
          "end": {
            "line": 66,
            "column": 42
          }
        },
        "loc": {
          "start": {
            "line": 66,
            "column": 47
          },
          "end": {
            "line": 93,
            "column": 9
          }
        },
        "line": 66
      },
      "7": {
        "name": "(anonymous_7)",
        "decl": {
          "start": {
            "line": 96,
            "column": 11
          },
          "end": {
            "line": 96,
            "column": 12
          }
        },
        "loc": {
          "start": {
            "line": 96,
            "column": 20
          },
          "end": {
            "line": 98,
            "column": 5
          }
        },
        "line": 96
      },
      "8": {
        "name": "checkValidServiceWorker",
        "decl": {
          "start": {
            "line": 101,
            "column": 9
          },
          "end": {
            "line": 101,
            "column": 32
          }
        },
        "loc": {
          "start": {
            "line": 101,
            "column": 48
          },
          "end": {
            "line": 129,
            "column": 1
          }
        },
        "line": 101
      },
      "9": {
        "name": "(anonymous_9)",
        "decl": {
          "start": {
            "line": 106,
            "column": 10
          },
          "end": {
            "line": 106,
            "column": 11
          }
        },
        "loc": {
          "start": {
            "line": 106,
            "column": 22
          },
          "end": {
            "line": 123,
            "column": 5
          }
        },
        "line": 106
      },
      "10": {
        "name": "(anonymous_10)",
        "decl": {
          "start": {
            "line": 114,
            "column": 43
          },
          "end": {
            "line": 114,
            "column": 44
          }
        },
        "loc": {
          "start": {
            "line": 114,
            "column": 59
          },
          "end": {
            "line": 118,
            "column": 9
          }
        },
        "line": 114
      },
      "11": {
        "name": "(anonymous_11)",
        "decl": {
          "start": {
            "line": 115,
            "column": 41
          },
          "end": {
            "line": 115,
            "column": 42
          }
        },
        "loc": {
          "start": {
            "line": 115,
            "column": 47
          },
          "end": {
            "line": 117,
            "column": 11
          }
        },
        "line": 115
      },
      "12": {
        "name": "(anonymous_12)",
        "decl": {
          "start": {
            "line": 124,
            "column": 11
          },
          "end": {
            "line": 124,
            "column": 12
          }
        },
        "loc": {
          "start": {
            "line": 124,
            "column": 17
          },
          "end": {
            "line": 128,
            "column": 5
          }
        },
        "line": 124
      },
      "13": {
        "name": "unregister",
        "decl": {
          "start": {
            "line": 131,
            "column": 16
          },
          "end": {
            "line": 131,
            "column": 26
          }
        },
        "loc": {
          "start": {
            "line": 131,
            "column": 29
          },
          "end": {
            "line": 141,
            "column": 1
          }
        },
        "line": 131
      },
      "14": {
        "name": "(anonymous_14)",
        "decl": {
          "start": {
            "line": 134,
            "column": 12
          },
          "end": {
            "line": 134,
            "column": 13
          }
        },
        "loc": {
          "start": {
            "line": 134,
            "column": 28
          },
          "end": {
            "line": 136,
            "column": 7
          }
        },
        "line": 134
      },
      "15": {
        "name": "(anonymous_15)",
        "decl": {
          "start": {
            "line": 137,
            "column": 13
          },
          "end": {
            "line": 137,
            "column": 14
          }
        },
        "loc": {
          "start": {
            "line": 137,
            "column": 22
          },
          "end": {
            "line": 139,
            "column": 7
          }
        },
        "line": 137
      }
    },
    "branchMap": {
      "0": {
        "loc": {
          "start": {
            "line": 14,
            "column": 2
          },
          "end": {
            "line": 20,
            "column": 5
          }
        },
        "type": "binary-expr",
        "locations": [
          {
            "start": {
              "line": 14,
              "column": 2
            },
            "end": {
              "line": 14,
              "column": 42
            }
          },
          {
            "start": {
              "line": 16,
              "column": 4
            },
            "end": {
              "line": 16,
              "column": 40
            }
          },
          {
            "start": {
              "line": 18,
              "column": 4
            },
            "end": {
              "line": 20,
              "column": 5
            }
          }
        ],
        "line": 14
      },
      "1": {
        "loc": {
          "start": {
            "line": 24,
            "column": 2
          },
          "end": {
            "line": 54,
            "column": 3
          }
        },
        "type": "if",
        "locations": [
          {
            "start": {
              "line": 24,
              "column": 2
            },
            "end": {
              "line": 54,
              "column": 3
            }
          },
          {
            "start": {
              "line": 24,
              "column": 2
            },
            "end": {
              "line": 54,
              "column": 3
            }
          }
        ],
        "line": 24
      },
      "2": {
        "loc": {
          "start": {
            "line": 24,
            "column": 6
          },
          "end": {
            "line": 24,
            "column": 75
          }
        },
        "type": "binary-expr",
        "locations": [
          {
            "start": {
              "line": 24,
              "column": 6
            },
            "end": {
              "line": 24,
              "column": 43
            }
          },
          {
            "start": {
              "line": 24,
              "column": 47
            },
            "end": {
              "line": 24,
              "column": 75
            }
          }
        ],
        "line": 24
      },
      "3": {
        "loc": {
          "start": {
            "line": 27,
            "column": 4
          },
          "end": {
            "line": 32,
            "column": 5
          }
        },
        "type": "if",
        "locations": [
          {
            "start": {
              "line": 27,
              "column": 4
            },
            "end": {
              "line": 32,
              "column": 5
            }
          },
          {
            "start": {
              "line": 27,
              "column": 4
            },
            "end": {
              "line": 32,
              "column": 5
            }
          }
        ],
        "line": 27
      },
      "4": {
        "loc": {
          "start": {
            "line": 37,
            "column": 6
          },
          "end": {
            "line": 52,
            "column": 7
          }
        },
        "type": "if",
        "locations": [
          {
            "start": {
              "line": 37,
              "column": 6
            },
            "end": {
              "line": 52,
              "column": 7
            }
          },
          {
            "start": {
              "line": 37,
              "column": 6
            },
            "end": {
              "line": 52,
              "column": 7
            }
          }
        ],
        "line": 37
      },
      "5": {
        "loc": {
          "start": {
            "line": 63,
            "column": 8
          },
          "end": {
            "line": 65,
            "column": 9
          }
        },
        "type": "if",
        "locations": [
          {
            "start": {
              "line": 63,
              "column": 8
            },
            "end": {
              "line": 65,
              "column": 9
            }
          },
          {
            "start": {
              "line": 63,
              "column": 8
            },
            "end": {
              "line": 65,
              "column": 9
            }
          }
        ],
        "line": 63
      },
      "6": {
        "loc": {
          "start": {
            "line": 67,
            "column": 10
          },
          "end": {
            "line": 92,
            "column": 11
          }
        },
        "type": "if",
        "locations": [
          {
            "start": {
              "line": 67,
              "column": 10
            },
            "end": {
              "line": 92,
              "column": 11
            }
          },
          {
            "start": {
              "line": 67,
              "column": 10
            },
            "end": {
              "line": 92,
              "column": 11
            }
          }
        ],
        "line": 67
      },
      "7": {
        "loc": {
          "start": {
            "line": 68,
            "column": 12
          },
          "end": {
            "line": 91,
            "column": 13
          }
        },
        "type": "if",
        "locations": [
          {
            "start": {
              "line": 68,
              "column": 12
            },
            "end": {
              "line": 91,
              "column": 13
            }
          },
          {
            "start": {
              "line": 68,
              "column": 12
            },
            "end": {
              "line": 91,
              "column": 13
            }
          }
        ],
        "line": 68
      },
      "8": {
        "loc": {
          "start": {
            "line": 78,
            "column": 14
          },
          "end": {
            "line": 80,
            "column": 15
          }
        },
        "type": "if",
        "locations": [
          {
            "start": {
              "line": 78,
              "column": 14
            },
            "end": {
              "line": 80,
              "column": 15
            }
          },
          {
            "start": {
              "line": 78,
              "column": 14
            },
            "end": {
              "line": 80,
              "column": 15
            }
          }
        ],
        "line": 78
      },
      "9": {
        "loc": {
          "start": {
            "line": 78,
            "column": 18
          },
          "end": {
            "line": 78,
            "column": 43
          }
        },
        "type": "binary-expr",
        "locations": [
          {
            "start": {
              "line": 78,
              "column": 18
            },
            "end": {
              "line": 78,
              "column": 24
            }
          },
          {
            "start": {
              "line": 78,
              "column": 28
            },
            "end": {
              "line": 78,
              "column": 43
            }
          }
        ],
        "line": 78
      },
      "10": {
        "loc": {
          "start": {
            "line": 88,
            "column": 14
          },
          "end": {
            "line": 90,
            "column": 15
          }
        },
        "type": "if",
        "locations": [
          {
            "start": {
              "line": 88,
              "column": 14
            },
            "end": {
              "line": 90,
              "column": 15
            }
          },
          {
            "start": {
              "line": 88,
              "column": 14
            },
            "end": {
              "line": 90,
              "column": 15
            }
          }
        ],
        "line": 88
      },
      "11": {
        "loc": {
          "start": {
            "line": 88,
            "column": 18
          },
          "end": {
            "line": 88,
            "column": 44
          }
        },
        "type": "binary-expr",
        "locations": [
          {
            "start": {
              "line": 88,
              "column": 18
            },
            "end": {
              "line": 88,
              "column": 24
            }
          },
          {
            "start": {
              "line": 88,
              "column": 28
            },
            "end": {
              "line": 88,
              "column": 44
            }
          }
        ],
        "line": 88
      },
      "12": {
        "loc": {
          "start": {
            "line": 109,
            "column": 6
          },
          "end": {
            "line": 122,
            "column": 7
          }
        },
        "type": "if",
        "locations": [
          {
            "start": {
              "line": 109,
              "column": 6
            },
            "end": {
              "line": 122,
              "column": 7
            }
          },
          {
            "start": {
              "line": 109,
              "column": 6
            },
            "end": {
              "line": 122,
              "column": 7
            }
          }
        ],
        "line": 109
      },
      "13": {
        "loc": {
          "start": {
            "line": 110,
            "column": 8
          },
          "end": {
            "line": 111,
            "column": 73
          }
        },
        "type": "binary-expr",
        "locations": [
          {
            "start": {
              "line": 110,
              "column": 8
            },
            "end": {
              "line": 110,
              "column": 31
            }
          },
          {
            "start": {
              "line": 111,
              "column": 9
            },
            "end": {
              "line": 111,
              "column": 28
            }
          },
          {
            "start": {
              "line": 111,
              "column": 32
            },
            "end": {
              "line": 111,
              "column": 72
            }
          }
        ],
        "line": 110
      },
      "14": {
        "loc": {
          "start": {
            "line": 132,
            "column": 2
          },
          "end": {
            "line": 140,
            "column": 3
          }
        },
        "type": "if",
        "locations": [
          {
            "start": {
              "line": 132,
              "column": 2
            },
            "end": {
              "line": 140,
              "column": 3
            }
          },
          {
            "start": {
              "line": 132,
              "column": 2
            },
            "end": {
              "line": 140,
              "column": 3
            }
          }
        ],
        "line": 132
      }
    },
    "s": {
      "0": 65,
      "1": 0,
      "2": 0,
      "3": 0,
      "4": 0,
      "5": 0,
      "6": 0,
      "7": 0,
      "8": 0,
      "9": 0,
      "10": 0,
      "11": 0,
      "12": 0,
      "13": 0,
      "14": 0,
      "15": 0,
      "16": 0,
      "17": 0,
      "18": 0,
      "19": 0,
      "20": 0,
      "21": 0,
      "22": 0,
      "23": 0,
      "24": 0,
      "25": 0,
      "26": 0,
      "27": 0,
      "28": 0,
      "29": 0,
      "30": 0,
      "31": 0,
      "32": 0,
      "33": 0,
      "34": 0,
      "35": 65,
      "36": 65,
      "37": 0,
      "38": 0
    },
    "f": {
      "0": 0,
      "1": 0,
      "2": 0,
      "3": 0,
      "4": 0,
      "5": 0,
      "6": 0,
      "7": 0,
      "8": 0,
      "9": 0,
      "10": 0,
      "11": 0,
      "12": 0,
      "13": 65,
      "14": 0,
      "15": 0
    },
    "b": {
      "0": [
        65,
        0,
        0
      ],
      "1": [
        0,
        0
      ],
      "2": [
        0,
        0
      ],
      "3": [
        0,
        0
      ],
      "4": [
        0,
        0
      ],
      "5": [
        0,
        0
      ],
      "6": [
        0,
        0
      ],
      "7": [
        0,
        0
      ],
      "8": [
        0,
        0
      ],
      "9": [
        0,
        0
      ],
      "10": [
        0,
        0
      ],
      "11": [
        0,
        0
      ],
      "12": [
        0,
        0
      ],
      "13": [
        0,
        0,
        0
      ],
      "14": [
        65,
        0
      ]
    },
    "_coverageSchema": "43e27e138ebf9cfc5966b082cf9a028302ed4184",
    "hash": "18b539873b6e5cf3ac3da1c676a820b91699d177"
  },
  "C:\\Users\\andyx\\Desktop\\NU Labs\\Salad\\salad.nu\\src\\index.js": {
    "path": "C:\\Users\\andyx\\Desktop\\NU Labs\\Salad\\salad.nu\\src\\index.js",
    "statementMap": {
      "0": {
        "start": {
          "line": 10,
          "column": 0
        },
        "end": {
          "line": 17,
          "column": 2
        }
      },
      "1": {
        "start": {
          "line": 22,
          "column": 0
        },
        "end": {
          "line": 22,
          "column": 27
        }
      }
    },
    "fnMap": {},
    "branchMap": {},
    "s": {
      "0": 65,
      "1": 65
    },
    "f": {},
    "b": {},
    "_coverageSchema": "43e27e138ebf9cfc5966b082cf9a028302ed4184",
    "hash": "0880a4118b36b8316cf05f10c19bff98dece4f59"
  }
}