{
  "C:\\Users\\andyx\\Desktop\\NU Salad\\salad.nu\\src\\store\\api.js": {
    "path": "C:\\Users\\andyx\\Desktop\\NU Salad\\salad.nu\\src\\store\\api.js",
    "statementMap": {
      "0": {
        "start": {
          "line": 3,
          "column": 28
        },
        "end": {
          "line": 3,
          "column": 60
        }
      },
      "1": {
        "start": {
          "line": 4,
          "column": 26
        },
        "end": {
          "line": 4,
          "column": 56
        }
      },
      "2": {
        "start": {
          "line": 5,
          "column": 25
        },
        "end": {
          "line": 5,
          "column": 54
        }
      }
    },
    "fnMap": {},
    "branchMap": {},
    "s": {
      "0": 66,
      "1": 66,
      "2": 66
    },
    "f": {},
    "b": {},
    "_coverageSchema": "43e27e138ebf9cfc5966b082cf9a028302ed4184",
    "hash": "8cc48922f5b5f4b0be9cb2854e4165d269a4a1ac"
  },
  "C:\\Users\\andyx\\Desktop\\NU Salad\\salad.nu\\src\\store\\slices\\term.js": {
    "path": "C:\\Users\\andyx\\Desktop\\NU Salad\\salad.nu\\src\\store\\slices\\term.js",
    "statementMap": {
      "0": {
        "start": {
          "line": 6,
          "column": 17
        },
        "end": {
          "line": 6,
          "column": 23
        }
      },
      "1": {
        "start": {
          "line": 8,
          "column": 14
        },
        "end": {
          "line": 26,
          "column": 2
        }
      },
      "2": {
        "start": {
          "line": 16,
          "column": 6
        },
        "end": {
          "line": 16,
          "column": 26
        }
      },
      "3": {
        "start": {
          "line": 19,
          "column": 6
        },
        "end": {
          "line": 19,
          "column": 27
        }
      },
      "4": {
        "start": {
          "line": 22,
          "column": 6
        },
        "end": {
          "line": 22,
          "column": 45
        }
      },
      "5": {
        "start": {
          "line": 23,
          "column": 6
        },
        "end": {
          "line": 23,
          "column": 27
        }
      },
      "6": {
        "start": {
          "line": 28,
          "column": 59
        },
        "end": {
          "line": 28,
          "column": 72
        }
      },
      "7": {
        "start": {
          "line": 32,
          "column": 24
        },
        "end": {
          "line": 42,
          "column": 1
        }
      },
      "8": {
        "start": {
          "line": 32,
          "column": 36
        },
        "end": {
          "line": 42,
          "column": 1
        }
      },
      "9": {
        "start": {
          "line": 33,
          "column": 2
        },
        "end": {
          "line": 41,
          "column": 4
        }
      },
      "10": {
        "start": {
          "line": 45,
          "column": 23
        },
        "end": {
          "line": 48,
          "column": 1
        }
      },
      "11": {
        "start": {
          "line": 46,
          "column": 13
        },
        "end": {
          "line": 46,
          "column": 23
        }
      },
      "12": {
        "start": {
          "line": 47,
          "column": 12
        },
        "end": {
          "line": 47,
          "column": 28
        }
      }
    },
    "fnMap": {
      "0": {
        "name": "(anonymous_0)",
        "decl": {
          "start": {
            "line": 15,
            "column": 19
          },
          "end": {
            "line": 15,
            "column": 20
          }
        },
        "loc": {
          "start": {
            "line": 15,
            "column": 37
          },
          "end": {
            "line": 17,
            "column": 5
          }
        },
        "line": 15
      },
      "1": {
        "name": "(anonymous_1)",
        "decl": {
          "start": {
            "line": 18,
            "column": 23
          },
          "end": {
            "line": 18,
            "column": 24
          }
        },
        "loc": {
          "start": {
            "line": 18,
            "column": 41
          },
          "end": {
            "line": 20,
            "column": 5
          }
        },
        "line": 18
      },
      "2": {
        "name": "(anonymous_2)",
        "decl": {
          "start": {
            "line": 21,
            "column": 18
          },
          "end": {
            "line": 21,
            "column": 19
          }
        },
        "loc": {
          "start": {
            "line": 21,
            "column": 36
          },
          "end": {
            "line": 24,
            "column": 5
          }
        },
        "line": 21
      },
      "3": {
        "name": "(anonymous_3)",
        "decl": {
          "start": {
            "line": 32,
            "column": 24
          },
          "end": {
            "line": 32,
            "column": 25
          }
        },
        "loc": {
          "start": {
            "line": 32,
            "column": 36
          },
          "end": {
            "line": 42,
            "column": 1
          }
        },
        "line": 32
      },
      "4": {
        "name": "(anonymous_4)",
        "decl": {
          "start": {
            "line": 32,
            "column": 36
          },
          "end": {
            "line": 32,
            "column": 37
          }
        },
        "loc": {
          "start": {
            "line": 32,
            "column": 60
          },
          "end": {
            "line": 42,
            "column": 1
          }
        },
        "line": 32
      },
      "5": {
        "name": "(anonymous_5)",
        "decl": {
          "start": {
            "line": 46,
            "column": 2
          },
          "end": {
            "line": 46,
            "column": 3
          }
        },
        "loc": {
          "start": {
            "line": 46,
            "column": 13
          },
          "end": {
            "line": 46,
            "column": 23
          }
        },
        "line": 46
      },
      "6": {
        "name": "(anonymous_6)",
        "decl": {
          "start": {
            "line": 47,
            "column": 2
          },
          "end": {
            "line": 47,
            "column": 3
          }
        },
        "loc": {
          "start": {
            "line": 47,
            "column": 12
          },
          "end": {
            "line": 47,
            "column": 28
          }
        },
        "line": 47
      }
    },
    "branchMap": {},
    "s": {
      "0": 66,
      "1": 66,
      "2": 68,
      "3": 0,
      "4": 68,
      "5": 68,
      "6": 66,
      "7": 66,
      "8": 68,
      "9": 68,
      "10": 66,
      "11": 1271,
      "12": 202
    },
    "f": {
      "0": 68,
      "1": 0,
      "2": 68,
      "3": 68,
      "4": 68,
      "5": 1271,
      "6": 202
    },
    "b": {},
    "_coverageSchema": "43e27e138ebf9cfc5966b082cf9a028302ed4184",
    "hash": "a4e02163632989d0e13d90a6baa1cd7fb2fa8193"
  },
  "C:\\Users\\andyx\\Desktop\\NU Salad\\salad.nu\\src\\store\\slices\\theme.js": {
    "path": "C:\\Users\\andyx\\Desktop\\NU Salad\\salad.nu\\src\\store\\slices\\theme.js",
    "statementMap": {
      "0": {
        "start": {
          "line": 4,
          "column": 21
        },
        "end": {
          "line": 4,
          "column": 28
        }
      },
      "1": {
        "start": {
          "line": 7,
          "column": 14
        },
        "end": {
          "line": 18,
          "column": 2
        }
      },
      "2": {
        "start": {
          "line": 14,
          "column": 23
        },
        "end": {
          "line": 14,
          "column": 74
        }
      },
      "3": {
        "start": {
          "line": 15,
          "column": 6
        },
        "end": {
          "line": 15,
          "column": 36
        }
      },
      "4": {
        "start": {
          "line": 20,
          "column": 25
        },
        "end": {
          "line": 20,
          "column": 38
        }
      },
      "5": {
        "start": {
          "line": 24,
          "column": 27
        },
        "end": {
          "line": 26,
          "column": 1
        }
      },
      "6": {
        "start": {
          "line": 25,
          "column": 2
        },
        "end": {
          "line": 25,
          "column": 33
        }
      },
      "7": {
        "start": {
          "line": 29,
          "column": 24
        },
        "end": {
          "line": 32,
          "column": 1
        }
      },
      "8": {
        "start": {
          "line": 30,
          "column": 13
        },
        "end": {
          "line": 30,
          "column": 24
        }
      },
      "9": {
        "start": {
          "line": 31,
          "column": 13
        },
        "end": {
          "line": 31,
          "column": 31
        }
      }
    },
    "fnMap": {
      "0": {
        "name": "(anonymous_0)",
        "decl": {
          "start": {
            "line": 13,
            "column": 18
          },
          "end": {
            "line": 13,
            "column": 19
          }
        },
        "loc": {
          "start": {
            "line": 13,
            "column": 37
          },
          "end": {
            "line": 16,
            "column": 5
          }
        },
        "line": 13
      },
      "1": {
        "name": "(anonymous_1)",
        "decl": {
          "start": {
            "line": 24,
            "column": 27
          },
          "end": {
            "line": 24,
            "column": 28
          }
        },
        "loc": {
          "start": {
            "line": 24,
            "column": 38
          },
          "end": {
            "line": 26,
            "column": 1
          }
        },
        "line": 24
      },
      "2": {
        "name": "(anonymous_2)",
        "decl": {
          "start": {
            "line": 30,
            "column": 2
          },
          "end": {
            "line": 30,
            "column": 3
          }
        },
        "loc": {
          "start": {
            "line": 30,
            "column": 13
          },
          "end": {
            "line": 30,
            "column": 24
          }
        },
        "line": 30
      },
      "3": {
        "name": "(anonymous_3)",
        "decl": {
          "start": {
            "line": 31,
            "column": 2
          },
          "end": {
            "line": 31,
            "column": 3
          }
        },
        "loc": {
          "start": {
            "line": 31,
            "column": 13
          },
          "end": {
            "line": 31,
            "column": 31
          }
        },
        "line": 31
      }
    },
    "branchMap": {
      "0": {
        "loc": {
          "start": {
            "line": 14,
            "column": 23
          },
          "end": {
            "line": 14,
            "column": 74
          }
        },
        "type": "cond-expr",
        "locations": [
          {
            "start": {
              "line": 14,
              "column": 58
            },
            "end": {
              "line": 14,
              "column": 64
            }
          },
          {
            "start": {
              "line": 14,
              "column": 67
            },
            "end": {
              "line": 14,
              "column": 74
            }
          }
        ],
        "line": 14
      }
    },
    "s": {
      "0": 66,
      "1": 66,
      "2": 7,
      "3": 7,
      "4": 66,
      "5": 66,
      "6": 7,
      "7": 66,
      "8": 1271,
      "9": 73
    },
    "f": {
      "0": 7,
      "1": 7,
      "2": 1271,
      "3": 73
    },
    "b": {
      "0": [
        5,
        2
      ]
    },
    "_coverageSchema": "43e27e138ebf9cfc5966b082cf9a028302ed4184",
    "hash": "053dc8901971f78d57dc4b59fe656151c4ba08f7"
  },
  "C:\\Users\\andyx\\Desktop\\NU Salad\\salad.nu\\src\\utils\\courseUtils.js": {
    "path": "C:\\Users\\andyx\\Desktop\\NU Salad\\salad.nu\\src\\utils\\courseUtils.js",
    "statementMap": {
      "0": {
        "start": {
          "line": 1,
          "column": 16
        },
        "end": {
          "line": 4,
          "column": 1
        }
      },
      "1": {
        "start": {
          "line": 2,
          "column": 2
        },
        "end": {
          "line": 2,
          "column": 62
        }
      },
      "2": {
        "start": {
          "line": 2,
          "column": 52
        },
        "end": {
          "line": 2,
          "column": 62
        }
      },
      "3": {
        "start": {
          "line": 3,
          "column": 2
        },
        "end": {
          "line": 3,
          "column": 46
        }
      },
      "4": {
        "start": {
          "line": 6,
          "column": 20
        },
        "end": {
          "line": 9,
          "column": 1
        }
      },
      "5": {
        "start": {
          "line": 7,
          "column": 2
        },
        "end": {
          "line": 7,
          "column": 79
        }
      },
      "6": {
        "start": {
          "line": 7,
          "column": 69
        },
        "end": {
          "line": 7,
          "column": 79
        }
      },
      "7": {
        "start": {
          "line": 8,
          "column": 2
        },
        "end": {
          "line": 8,
          "column": 62
        }
      }
    },
    "fnMap": {
      "0": {
        "name": "(anonymous_0)",
        "decl": {
          "start": {
            "line": 1,
            "column": 16
          },
          "end": {
            "line": 1,
            "column": 17
          }
        },
        "loc": {
          "start": {
            "line": 1,
            "column": 28
          },
          "end": {
            "line": 4,
            "column": 1
          }
        },
        "line": 1
      },
      "1": {
        "name": "(anonymous_1)",
        "decl": {
          "start": {
            "line": 6,
            "column": 20
          },
          "end": {
            "line": 6,
            "column": 21
          }
        },
        "loc": {
          "start": {
            "line": 6,
            "column": 32
          },
          "end": {
            "line": 9,
            "column": 1
          }
        },
        "line": 6
      }
    },
    "branchMap": {
      "0": {
        "loc": {
          "start": {
            "line": 2,
            "column": 2
          },
          "end": {
            "line": 2,
            "column": 62
          }
        },
        "type": "if",
        "locations": [
          {
            "start": {
              "line": 2,
              "column": 2
            },
            "end": {
              "line": 2,
              "column": 62
            }
          },
          {
            "start": {
              "line": 2,
              "column": 2
            },
            "end": {
              "line": 2,
              "column": 62
            }
          }
        ],
        "line": 2
      },
      "1": {
        "loc": {
          "start": {
            "line": 2,
            "column": 6
          },
          "end": {
            "line": 2,
            "column": 50
          }
        },
        "type": "binary-expr",
        "locations": [
          {
            "start": {
              "line": 2,
              "column": 6
            },
            "end": {
              "line": 2,
              "column": 13
            }
          },
          {
            "start": {
              "line": 2,
              "column": 17
            },
            "end": {
              "line": 2,
              "column": 32
            }
          },
          {
            "start": {
              "line": 2,
              "column": 36
            },
            "end": {
              "line": 2,
              "column": 50
            }
          }
        ],
        "line": 2
      },
      "2": {
        "loc": {
          "start": {
            "line": 7,
            "column": 2
          },
          "end": {
            "line": 7,
            "column": 79
          }
        },
        "type": "if",
        "locations": [
          {
            "start": {
              "line": 7,
              "column": 2
            },
            "end": {
              "line": 7,
              "column": 79
            }
          },
          {
            "start": {
              "line": 7,
              "column": 2
            },
            "end": {
              "line": 7,
              "column": 79
            }
          }
        ],
        "line": 7
      },
      "3": {
        "loc": {
          "start": {
            "line": 7,
            "column": 6
          },
          "end": {
            "line": 7,
            "column": 67
          }
        },
        "type": "binary-expr",
        "locations": [
          {
            "start": {
              "line": 7,
              "column": 6
            },
            "end": {
              "line": 7,
              "column": 13
            }
          },
          {
            "start": {
              "line": 7,
              "column": 17
            },
            "end": {
              "line": 7,
              "column": 32
            }
          },
          {
            "start": {
              "line": 7,
              "column": 36
            },
            "end": {
              "line": 7,
              "column": 50
            }
          },
          {
            "start": {
              "line": 7,
              "column": 54
            },
            "end": {
              "line": 7,
              "column": 67
            }
          }
        ],
        "line": 7
      }
    },
    "s": {
      "0": 66,
      "1": 105832,
      "2": 0,
      "3": 105832,
      "4": 66,
      "5": 104303,
      "6": 0,
      "7": 104303
    },
    "f": {
      "0": 105832,
      "1": 104303
    },
    "b": {
      "0": [
        0,
        105832
      ],
      "1": [
        105832,
        105832,
        105832
      ],
      "2": [
        0,
        104303
      ],
      "3": [
        104303,
        104303,
        104303,
        104303
      ]
    },
    "_coverageSchema": "43e27e138ebf9cfc5966b082cf9a028302ed4184",
    "hash": "05f5e53c1f7c750ad0a06218436d42e0c1228194"
  },
  "C:\\Users\\andyx\\Desktop\\NU Salad\\salad.nu\\src\\utils\\searchUtils.js": {
    "path": "C:\\Users\\andyx\\Desktop\\NU Salad\\salad.nu\\src\\utils\\searchUtils.js",
    "statementMap": {
      "0": {
        "start": {
          "line": 3,
          "column": 17
        },
        "end": {
          "line": 9,
          "column": 1
        }
      },
      "1": {
        "start": {
          "line": 4,
          "column": 18
        },
        "end": {
          "line": 4,
          "column": 28
        }
      },
      "2": {
        "start": {
          "line": 5,
          "column": 2
        },
        "end": {
          "line": 5,
          "column": 38
        }
      },
      "3": {
        "start": {
          "line": 5,
          "column": 28
        },
        "end": {
          "line": 5,
          "column": 38
        }
      },
      "4": {
        "start": {
          "line": 6,
          "column": 16
        },
        "end": {
          "line": 6,
          "column": 34
        }
      },
      "5": {
        "start": {
          "line": 7,
          "column": 17
        },
        "end": {
          "line": 7,
          "column": 58
        }
      },
      "6": {
        "start": {
          "line": 7,
          "column": 40
        },
        "end": {
          "line": 7,
          "column": 57
        }
      },
      "7": {
        "start": {
          "line": 8,
          "column": 2
        },
        "end": {
          "line": 8,
          "column": 16
        }
      },
      "8": {
        "start": {
          "line": 11,
          "column": 29
        },
        "end": {
          "line": 17,
          "column": 1
        }
      },
      "9": {
        "start": {
          "line": 12,
          "column": 18
        },
        "end": {
          "line": 12,
          "column": 19
        }
      },
      "10": {
        "start": {
          "line": 13,
          "column": 2
        },
        "end": {
          "line": 15,
          "column": 3
        }
      },
      "11": {
        "start": {
          "line": 14,
          "column": 4
        },
        "end": {
          "line": 14,
          "column": 57
        }
      },
      "12": {
        "start": {
          "line": 14,
          "column": 33
        },
        "end": {
          "line": 14,
          "column": 57
        }
      },
      "13": {
        "start": {
          "line": 16,
          "column": 2
        },
        "end": {
          "line": 16,
          "column": 19
        }
      },
      "14": {
        "start": {
          "line": 19,
          "column": 32
        },
        "end": {
          "line": 23,
          "column": 1
        }
      },
      "15": {
        "start": {
          "line": 20,
          "column": 16
        },
        "end": {
          "line": 20,
          "column": 29
        }
      },
      "16": {
        "start": {
          "line": 21,
          "column": 20
        },
        "end": {
          "line": 21,
          "column": 47
        }
      },
      "17": {
        "start": {
          "line": 22,
          "column": 2
        },
        "end": {
          "line": 22,
          "column": 19
        }
      },
      "18": {
        "start": {
          "line": 25,
          "column": 27
        },
        "end": {
          "line": 30,
          "column": 1
        }
      },
      "19": {
        "start": {
          "line": 26,
          "column": 2
        },
        "end": {
          "line": 28,
          "column": 3
        }
      },
      "20": {
        "start": {
          "line": 27,
          "column": 4
        },
        "end": {
          "line": 27,
          "column": 42
        }
      },
      "21": {
        "start": {
          "line": 27,
          "column": 29
        },
        "end": {
          "line": 27,
          "column": 42
        }
      },
      "22": {
        "start": {
          "line": 29,
          "column": 2
        },
        "end": {
          "line": 29,
          "column": 14
        }
      },
      "23": {
        "start": {
          "line": 32,
          "column": 22
        },
        "end": {
          "line": 49,
          "column": 1
        }
      },
      "24": {
        "start": {
          "line": 33,
          "column": 22
        },
        "end": {
          "line": 33,
          "column": 55
        }
      },
      "25": {
        "start": {
          "line": 35,
          "column": 29
        },
        "end": {
          "line": 35,
          "column": 31
        }
      },
      "26": {
        "start": {
          "line": 36,
          "column": 30
        },
        "end": {
          "line": 36,
          "column": 32
        }
      },
      "27": {
        "start": {
          "line": 37,
          "column": 2
        },
        "end": {
          "line": 46,
          "column": 3
        }
      },
      "28": {
        "start": {
          "line": 38,
          "column": 23
        },
        "end": {
          "line": 38,
          "column": 52
        }
      },
      "29": {
        "start": {
          "line": 39,
          "column": 24
        },
        "end": {
          "line": 39,
          "column": 57
        }
      },
      "30": {
        "start": {
          "line": 41,
          "column": 4
        },
        "end": {
          "line": 45,
          "column": 5
        }
      },
      "31": {
        "start": {
          "line": 42,
          "column": 6
        },
        "end": {
          "line": 42,
          "column": 38
        }
      },
      "32": {
        "start": {
          "line": 43,
          "column": 11
        },
        "end": {
          "line": 45,
          "column": 5
        }
      },
      "33": {
        "start": {
          "line": 44,
          "column": 6
        },
        "end": {
          "line": 44,
          "column": 39
        }
      },
      "34": {
        "start": {
          "line": 47,
          "column": 25
        },
        "end": {
          "line": 47,
          "column": 72
        }
      },
      "35": {
        "start": {
          "line": 48,
          "column": 2
        },
        "end": {
          "line": 48,
          "column": 24
        }
      }
    },
    "fnMap": {
      "0": {
        "name": "(anonymous_0)",
        "decl": {
          "start": {
            "line": 3,
            "column": 17
          },
          "end": {
            "line": 3,
            "column": 18
          }
        },
        "loc": {
          "start": {
            "line": 3,
            "column": 26
          },
          "end": {
            "line": 9,
            "column": 1
          }
        },
        "line": 3
      },
      "1": {
        "name": "(anonymous_1)",
        "decl": {
          "start": {
            "line": 7,
            "column": 30
          },
          "end": {
            "line": 7,
            "column": 31
          }
        },
        "loc": {
          "start": {
            "line": 7,
            "column": 40
          },
          "end": {
            "line": 7,
            "column": 57
          }
        },
        "line": 7
      },
      "2": {
        "name": "(anonymous_2)",
        "decl": {
          "start": {
            "line": 11,
            "column": 29
          },
          "end": {
            "line": 11,
            "column": 30
          }
        },
        "loc": {
          "start": {
            "line": 11,
            "column": 40
          },
          "end": {
            "line": 17,
            "column": 1
          }
        },
        "line": 11
      },
      "3": {
        "name": "(anonymous_3)",
        "decl": {
          "start": {
            "line": 19,
            "column": 32
          },
          "end": {
            "line": 19,
            "column": 33
          }
        },
        "loc": {
          "start": {
            "line": 19,
            "column": 41
          },
          "end": {
            "line": 23,
            "column": 1
          }
        },
        "line": 19
      },
      "4": {
        "name": "(anonymous_4)",
        "decl": {
          "start": {
            "line": 25,
            "column": 27
          },
          "end": {
            "line": 25,
            "column": 28
          }
        },
        "loc": {
          "start": {
            "line": 25,
            "column": 43
          },
          "end": {
            "line": 30,
            "column": 1
          }
        },
        "line": 25
      },
      "5": {
        "name": "(anonymous_5)",
        "decl": {
          "start": {
            "line": 32,
            "column": 22
          },
          "end": {
            "line": 32,
            "column": 23
          }
        },
        "loc": {
          "start": {
            "line": 32,
            "column": 46
          },
          "end": {
            "line": 49,
            "column": 1
          }
        },
        "line": 32
      }
    },
    "branchMap": {
      "0": {
        "loc": {
          "start": {
            "line": 5,
            "column": 2
          },
          "end": {
            "line": 5,
            "column": 38
          }
        },
        "type": "if",
        "locations": [
          {
            "start": {
              "line": 5,
              "column": 2
            },
            "end": {
              "line": 5,
              "column": 38
            }
          },
          {
            "start": {
              "line": 5,
              "column": 2
            },
            "end": {
              "line": 5,
              "column": 38
            }
          }
        ],
        "line": 5
      },
      "1": {
        "loc": {
          "start": {
            "line": 14,
            "column": 4
          },
          "end": {
            "line": 14,
            "column": 57
          }
        },
        "type": "if",
        "locations": [
          {
            "start": {
              "line": 14,
              "column": 4
            },
            "end": {
              "line": 14,
              "column": 57
            }
          },
          {
            "start": {
              "line": 14,
              "column": 4
            },
            "end": {
              "line": 14,
              "column": 57
            }
          }
        ],
        "line": 14
      },
      "2": {
        "loc": {
          "start": {
            "line": 27,
            "column": 4
          },
          "end": {
            "line": 27,
            "column": 42
          }
        },
        "type": "if",
        "locations": [
          {
            "start": {
              "line": 27,
              "column": 4
            },
            "end": {
              "line": 27,
              "column": 42
            }
          },
          {
            "start": {
              "line": 27,
              "column": 4
            },
            "end": {
              "line": 27,
              "column": 42
            }
          }
        ],
        "line": 27
      },
      "3": {
        "loc": {
          "start": {
            "line": 41,
            "column": 4
          },
          "end": {
            "line": 45,
            "column": 5
          }
        },
        "type": "if",
        "locations": [
          {
            "start": {
              "line": 41,
              "column": 4
            },
            "end": {
              "line": 45,
              "column": 5
            }
          },
          {
            "start": {
              "line": 41,
              "column": 4
            },
            "end": {
              "line": 45,
              "column": 5
            }
          }
        ],
        "line": 41
      },
      "4": {
        "loc": {
          "start": {
            "line": 43,
            "column": 11
          },
          "end": {
            "line": 45,
            "column": 5
          }
        },
        "type": "if",
        "locations": [
          {
            "start": {
              "line": 43,
              "column": 11
            },
            "end": {
              "line": 45,
              "column": 5
            }
          },
          {
            "start": {
              "line": 43,
              "column": 11
            },
            "end": {
              "line": 45,
              "column": 5
            }
          }
        ],
        "line": 43
      }
    },
    "s": {
      "0": 66,
      "1": 1854,
      "2": 1854,
      "3": 152,
      "4": 1702,
      "5": 1702,
      "6": 4832,
      "7": 1702,
      "8": 66,
      "9": 1556,
      "10": 1556,
      "11": 4186,
      "12": 1476,
      "13": 1556,
      "14": 66,
      "15": 1556,
      "16": 1556,
      "17": 1556,
      "18": 66,
      "19": 196778,
      "20": 205738,
      "21": 178502,
      "22": 18276,
      "23": 66,
      "24": 298,
      "25": 298,
      "26": 298,
      "27": 298,
      "28": 104303,
      "29": 104303,
      "30": 104303,
      "31": 11828,
      "32": 92475,
      "33": 6448,
      "34": 298,
      "35": 298
    },
    "f": {
      "0": 1854,
      "1": 4832,
      "2": 1556,
      "3": 1556,
      "4": 196778,
      "5": 298
    },
    "b": {
      "0": [
        152,
        1702
      ],
      "1": [
        1476,
        2710
      ],
      "2": [
        178502,
        27236
      ],
      "3": [
        11828,
        92475
      ],
      "4": [
        6448,
        86027
      ]
    },
    "_coverageSchema": "43e27e138ebf9cfc5966b082cf9a028302ed4184",
    "hash": "d34e841a9658d16aacf92663669cb95768c86fdd"
  },
  "C:\\Users\\andyx\\Desktop\\NU Salad\\salad.nu\\src\\store\\slices\\courses.js": {
    "path": "C:\\Users\\andyx\\Desktop\\NU Salad\\salad.nu\\src\\store\\slices\\courses.js",
    "statementMap": {
      "0": {
        "start": {
          "line": 7,
          "column": 17
        },
        "end": {
          "line": 7,
          "column": 26
        }
      },
      "1": {
        "start": {
          "line": 9,
          "column": 14
        },
        "end": {
          "line": 33,
          "column": 2
        }
      },
      "2": {
        "start": {
          "line": 17,
          "column": 6
        },
        "end": {
          "line": 17,
          "column": 29
        }
      },
      "3": {
        "start": {
          "line": 20,
          "column": 6
        },
        "end": {
          "line": 20,
          "column": 30
        }
      },
      "4": {
        "start": {
          "line": 23,
          "column": 23
        },
        "end": {
          "line": 23,
          "column": 42
        }
      },
      "5": {
        "start": {
          "line": 24,
          "column": 24
        },
        "end": {
          "line": 24,
          "column": 48
        }
      },
      "6": {
        "start": {
          "line": 25,
          "column": 6
        },
        "end": {
          "line": 25,
          "column": 56
        }
      },
      "7": {
        "start": {
          "line": 26,
          "column": 6
        },
        "end": {
          "line": 26,
          "column": 30
        }
      },
      "8": {
        "start": {
          "line": 29,
          "column": 24
        },
        "end": {
          "line": 29,
          "column": 48
        }
      },
      "9": {
        "start": {
          "line": 30,
          "column": 6
        },
        "end": {
          "line": 30,
          "column": 60
        }
      },
      "10": {
        "start": {
          "line": 40,
          "column": 4
        },
        "end": {
          "line": 40,
          "column": 17
        }
      },
      "11": {
        "start": {
          "line": 44,
          "column": 27
        },
        "end": {
          "line": 54,
          "column": 1
        }
      },
      "12": {
        "start": {
          "line": 44,
          "column": 42
        },
        "end": {
          "line": 54,
          "column": 1
        }
      },
      "13": {
        "start": {
          "line": 45,
          "column": 2
        },
        "end": {
          "line": 53,
          "column": 4
        }
      },
      "14": {
        "start": {
          "line": 56,
          "column": 36
        },
        "end": {
          "line": 58,
          "column": 1
        }
      },
      "15": {
        "start": {
          "line": 57,
          "column": 2
        },
        "end": {
          "line": 57,
          "column": 49
        }
      },
      "16": {
        "start": {
          "line": 61,
          "column": 26
        },
        "end": {
          "line": 64,
          "column": 1
        }
      },
      "17": {
        "start": {
          "line": 62,
          "column": 13
        },
        "end": {
          "line": 62,
          "column": 26
        }
      },
      "18": {
        "start": {
          "line": 63,
          "column": 15
        },
        "end": {
          "line": 63,
          "column": 27
        }
      }
    },
    "fnMap": {
      "0": {
        "name": "(anonymous_0)",
        "decl": {
          "start": {
            "line": 16,
            "column": 22
          },
          "end": {
            "line": 16,
            "column": 23
          }
        },
        "loc": {
          "start": {
            "line": 16,
            "column": 43
          },
          "end": {
            "line": 18,
            "column": 5
          }
        },
        "line": 16
      },
      "1": {
        "name": "(anonymous_1)",
        "decl": {
          "start": {
            "line": 19,
            "column": 26
          },
          "end": {
            "line": 19,
            "column": 27
          }
        },
        "loc": {
          "start": {
            "line": 19,
            "column": 47
          },
          "end": {
            "line": 21,
            "column": 5
          }
        },
        "line": 19
      },
      "2": {
        "name": "(anonymous_2)",
        "decl": {
          "start": {
            "line": 22,
            "column": 21
          },
          "end": {
            "line": 22,
            "column": 22
          }
        },
        "loc": {
          "start": {
            "line": 22,
            "column": 42
          },
          "end": {
            "line": 27,
            "column": 5
          }
        },
        "line": 22
      },
      "3": {
        "name": "(anonymous_3)",
        "decl": {
          "start": {
            "line": 28,
            "column": 30
          },
          "end": {
            "line": 28,
            "column": 31
          }
        },
        "loc": {
          "start": {
            "line": 28,
            "column": 51
          },
          "end": {
            "line": 31,
            "column": 5
          }
        },
        "line": 28
      },
      "4": {
        "name": "(anonymous_4)",
        "decl": {
          "start": {
            "line": 44,
            "column": 27
          },
          "end": {
            "line": 44,
            "column": 28
          }
        },
        "loc": {
          "start": {
            "line": 44,
            "column": 42
          },
          "end": {
            "line": 54,
            "column": 1
          }
        },
        "line": 44
      },
      "5": {
        "name": "(anonymous_5)",
        "decl": {
          "start": {
            "line": 44,
            "column": 42
          },
          "end": {
            "line": 44,
            "column": 43
          }
        },
        "loc": {
          "start": {
            "line": 44,
            "column": 66
          },
          "end": {
            "line": 54,
            "column": 1
          }
        },
        "line": 44
      },
      "6": {
        "name": "(anonymous_6)",
        "decl": {
          "start": {
            "line": 56,
            "column": 36
          },
          "end": {
            "line": 56,
            "column": 37
          }
        },
        "loc": {
          "start": {
            "line": 56,
            "column": 51
          },
          "end": {
            "line": 58,
            "column": 1
          }
        },
        "line": 56
      },
      "7": {
        "name": "(anonymous_7)",
        "decl": {
          "start": {
            "line": 62,
            "column": 2
          },
          "end": {
            "line": 62,
            "column": 3
          }
        },
        "loc": {
          "start": {
            "line": 62,
            "column": 13
          },
          "end": {
            "line": 62,
            "column": 26
          }
        },
        "line": 62
      },
      "8": {
        "name": "(anonymous_8)",
        "decl": {
          "start": {
            "line": 63,
            "column": 2
          },
          "end": {
            "line": 63,
            "column": 3
          }
        },
        "loc": {
          "start": {
            "line": 63,
            "column": 15
          },
          "end": {
            "line": 63,
            "column": 27
          }
        },
        "line": 63
      }
    },
    "branchMap": {},
    "s": {
      "0": 66,
      "1": 66,
      "2": 37,
      "3": 0,
      "4": 37,
      "5": 37,
      "6": 37,
      "7": 37,
      "8": 261,
      "9": 261,
      "10": 66,
      "11": 66,
      "12": 37,
      "13": 37,
      "14": 66,
      "15": 261,
      "16": 66,
      "17": 1078,
      "18": 401
    },
    "f": {
      "0": 37,
      "1": 0,
      "2": 37,
      "3": 261,
      "4": 37,
      "5": 37,
      "6": 261,
      "7": 1078,
      "8": 401
    },
    "b": {},
    "_coverageSchema": "43e27e138ebf9cfc5966b082cf9a028302ed4184",
    "hash": "b02086b8a84ae46210a2c3e9c76b839b5e3e10a5"
  },
  "C:\\Users\\andyx\\Desktop\\NU Salad\\salad.nu\\src\\store\\slices\\sections.js": {
    "path": "C:\\Users\\andyx\\Desktop\\NU Salad\\salad.nu\\src\\store\\slices\\sections.js",
    "statementMap": {
      "0": {
        "start": {
          "line": 6,
          "column": 17
        },
        "end": {
          "line": 6,
          "column": 27
        }
      },
      "1": {
        "start": {
          "line": 8,
          "column": 14
        },
        "end": {
          "line": 26,
          "column": 2
        }
      },
      "2": {
        "start": {
          "line": 16,
          "column": 6
        },
        "end": {
          "line": 16,
          "column": 30
        }
      },
      "3": {
        "start": {
          "line": 19,
          "column": 6
        },
        "end": {
          "line": 19,
          "column": 31
        }
      },
      "4": {
        "start": {
          "line": 22,
          "column": 6
        },
        "end": {
          "line": 22,
          "column": 42
        }
      },
      "5": {
        "start": {
          "line": 23,
          "column": 6
        },
        "end": {
          "line": 23,
          "column": 31
        }
      },
      "6": {
        "start": {
          "line": 32,
          "column": 4
        },
        "end": {
          "line": 32,
          "column": 17
        }
      },
      "7": {
        "start": {
          "line": 36,
          "column": 28
        },
        "end": {
          "line": 46,
          "column": 1
        }
      },
      "8": {
        "start": {
          "line": 36,
          "column": 42
        },
        "end": {
          "line": 46,
          "column": 1
        }
      },
      "9": {
        "start": {
          "line": 37,
          "column": 2
        },
        "end": {
          "line": 45,
          "column": 4
        }
      },
      "10": {
        "start": {
          "line": 49,
          "column": 27
        },
        "end": {
          "line": 52,
          "column": 1
        }
      },
      "11": {
        "start": {
          "line": 50,
          "column": 13
        },
        "end": {
          "line": 50,
          "column": 32
        }
      },
      "12": {
        "start": {
          "line": 51,
          "column": 16
        },
        "end": {
          "line": 51,
          "column": 24
        }
      },
      "13": {
        "start": {
          "line": 54,
          "column": 26
        },
        "end": {
          "line": 58,
          "column": 3
        }
      },
      "14": {
        "start": {
          "line": 55,
          "column": 2
        },
        "end": {
          "line": 58,
          "column": 3
        }
      },
      "15": {
        "start": {
          "line": 56,
          "column": 15
        },
        "end": {
          "line": 56,
          "column": 34
        }
      },
      "16": {
        "start": {
          "line": 57,
          "column": 18
        },
        "end": {
          "line": 57,
          "column": 76
        }
      },
      "17": {
        "start": {
          "line": 57,
          "column": 45
        },
        "end": {
          "line": 57,
          "column": 69
        }
      }
    },
    "fnMap": {
      "0": {
        "name": "(anonymous_0)",
        "decl": {
          "start": {
            "line": 15,
            "column": 23
          },
          "end": {
            "line": 15,
            "column": 24
          }
        },
        "loc": {
          "start": {
            "line": 15,
            "column": 45
          },
          "end": {
            "line": 17,
            "column": 5
          }
        },
        "line": 15
      },
      "1": {
        "name": "(anonymous_1)",
        "decl": {
          "start": {
            "line": 18,
            "column": 27
          },
          "end": {
            "line": 18,
            "column": 28
          }
        },
        "loc": {
          "start": {
            "line": 18,
            "column": 49
          },
          "end": {
            "line": 20,
            "column": 5
          }
        },
        "line": 18
      },
      "2": {
        "name": "(anonymous_2)",
        "decl": {
          "start": {
            "line": 21,
            "column": 22
          },
          "end": {
            "line": 21,
            "column": 23
          }
        },
        "loc": {
          "start": {
            "line": 21,
            "column": 44
          },
          "end": {
            "line": 24,
            "column": 5
          }
        },
        "line": 21
      },
      "3": {
        "name": "(anonymous_3)",
        "decl": {
          "start": {
            "line": 36,
            "column": 28
          },
          "end": {
            "line": 36,
            "column": 29
          }
        },
        "loc": {
          "start": {
            "line": 36,
            "column": 42
          },
          "end": {
            "line": 46,
            "column": 1
          }
        },
        "line": 36
      },
      "4": {
        "name": "(anonymous_4)",
        "decl": {
          "start": {
            "line": 36,
            "column": 42
          },
          "end": {
            "line": 36,
            "column": 43
          }
        },
        "loc": {
          "start": {
            "line": 36,
            "column": 66
          },
          "end": {
            "line": 46,
            "column": 1
          }
        },
        "line": 36
      },
      "5": {
        "name": "(anonymous_5)",
        "decl": {
          "start": {
            "line": 50,
            "column": 2
          },
          "end": {
            "line": 50,
            "column": 3
          }
        },
        "loc": {
          "start": {
            "line": 50,
            "column": 13
          },
          "end": {
            "line": 50,
            "column": 32
          }
        },
        "line": 50
      },
      "6": {
        "name": "(anonymous_6)",
        "decl": {
          "start": {
            "line": 51,
            "column": 2
          },
          "end": {
            "line": 51,
            "column": 3
          }
        },
        "loc": {
          "start": {
            "line": 51,
            "column": 16
          },
          "end": {
            "line": 51,
            "column": 24
          }
        },
        "line": 51
      },
      "7": {
        "name": "(anonymous_7)",
        "decl": {
          "start": {
            "line": 54,
            "column": 26
          },
          "end": {
            "line": 54,
            "column": 27
          }
        },
        "loc": {
          "start": {
            "line": 55,
            "column": 2
          },
          "end": {
            "line": 58,
            "column": 3
          }
        },
        "line": 55
      },
      "8": {
        "name": "(anonymous_8)",
        "decl": {
          "start": {
            "line": 56,
            "column": 4
          },
          "end": {
            "line": 56,
            "column": 5
          }
        },
        "loc": {
          "start": {
            "line": 56,
            "column": 15
          },
          "end": {
            "line": 56,
            "column": 34
          }
        },
        "line": 56
      },
      "9": {
        "name": "(anonymous_9)",
        "decl": {
          "start": {
            "line": 57,
            "column": 4
          },
          "end": {
            "line": 57,
            "column": 5
          }
        },
        "loc": {
          "start": {
            "line": 57,
            "column": 18
          },
          "end": {
            "line": 57,
            "column": 76
          }
        },
        "line": 57
      },
      "10": {
        "name": "(anonymous_10)",
        "decl": {
          "start": {
            "line": 57,
            "column": 32
          },
          "end": {
            "line": 57,
            "column": 33
          }
        },
        "loc": {
          "start": {
            "line": 57,
            "column": 45
          },
          "end": {
            "line": 57,
            "column": 69
          }
        },
        "line": 57
      }
    },
    "branchMap": {
      "0": {
        "loc": {
          "start": {
            "line": 57,
            "column": 18
          },
          "end": {
            "line": 57,
            "column": 76
          }
        },
        "type": "binary-expr",
        "locations": [
          {
            "start": {
              "line": 57,
              "column": 18
            },
            "end": {
              "line": 57,
              "column": 70
            }
          },
          {
            "start": {
              "line": 57,
              "column": 74
            },
            "end": {
              "line": 57,
              "column": 76
            }
          }
        ],
        "line": 57
      }
    },
    "s": {
      "0": 66,
      "1": 66,
      "2": 30,
      "3": 0,
      "4": 30,
      "5": 30,
      "6": 66,
      "7": 66,
      "8": 30,
      "9": 30,
      "10": 66,
      "11": 1271,
      "12": 96,
      "13": 66,
      "14": 0,
      "15": 0,
      "16": 0,
      "17": 0
    },
    "f": {
      "0": 30,
      "1": 0,
      "2": 30,
      "3": 30,
      "4": 30,
      "5": 1271,
      "6": 96,
      "7": 0,
      "8": 0,
      "9": 0,
      "10": 0
    },
    "b": {
      "0": [
        0,
        0
      ]
    },
    "_coverageSchema": "43e27e138ebf9cfc5966b082cf9a028302ed4184",
    "hash": "15d985a4a01cc89a595edb0db37635d78e4406b2"
  },
  "C:\\Users\\andyx\\Desktop\\NU Salad\\salad.nu\\src\\store\\slices\\discussions.js": {
    "path": "C:\\Users\\andyx\\Desktop\\NU Salad\\salad.nu\\src\\store\\slices\\discussions.js",
    "statementMap": {
      "0": {
        "start": {
          "line": 6,
          "column": 17
        },
        "end": {
          "line": 6,
          "column": 30
        }
      },
      "1": {
        "start": {
          "line": 8,
          "column": 14
        },
        "end": {
          "line": 26,
          "column": 2
        }
      },
      "2": {
        "start": {
          "line": 16,
          "column": 6
        },
        "end": {
          "line": 16,
          "column": 33
        }
      },
      "3": {
        "start": {
          "line": 19,
          "column": 6
        },
        "end": {
          "line": 19,
          "column": 34
        }
      },
      "4": {
        "start": {
          "line": 22,
          "column": 6
        },
        "end": {
          "line": 22,
          "column": 45
        }
      },
      "5": {
        "start": {
          "line": 23,
          "column": 6
        },
        "end": {
          "line": 23,
          "column": 34
        }
      },
      "6": {
        "start": {
          "line": 32,
          "column": 4
        },
        "end": {
          "line": 32,
          "column": 17
        }
      },
      "7": {
        "start": {
          "line": 36,
          "column": 31
        },
        "end": {
          "line": 46,
          "column": 1
        }
      },
      "8": {
        "start": {
          "line": 36,
          "column": 45
        },
        "end": {
          "line": 46,
          "column": 1
        }
      },
      "9": {
        "start": {
          "line": 37,
          "column": 2
        },
        "end": {
          "line": 45,
          "column": 4
        }
      },
      "10": {
        "start": {
          "line": 49,
          "column": 30
        },
        "end": {
          "line": 52,
          "column": 1
        }
      },
      "11": {
        "start": {
          "line": 50,
          "column": 13
        },
        "end": {
          "line": 50,
          "column": 35
        }
      },
      "12": {
        "start": {
          "line": 51,
          "column": 19
        },
        "end": {
          "line": 51,
          "column": 30
        }
      },
      "13": {
        "start": {
          "line": 54,
          "column": 29
        },
        "end": {
          "line": 59,
          "column": 3
        }
      },
      "14": {
        "start": {
          "line": 55,
          "column": 2
        },
        "end": {
          "line": 59,
          "column": 3
        }
      },
      "15": {
        "start": {
          "line": 56,
          "column": 15
        },
        "end": {
          "line": 56,
          "column": 37
        }
      },
      "16": {
        "start": {
          "line": 58,
          "column": 6
        },
        "end": {
          "line": 58,
          "column": 73
        }
      },
      "17": {
        "start": {
          "line": 58,
          "column": 39
        },
        "end": {
          "line": 58,
          "column": 66
        }
      }
    },
    "fnMap": {
      "0": {
        "name": "(anonymous_0)",
        "decl": {
          "start": {
            "line": 15,
            "column": 26
          },
          "end": {
            "line": 15,
            "column": 27
          }
        },
        "loc": {
          "start": {
            "line": 15,
            "column": 51
          },
          "end": {
            "line": 17,
            "column": 5
          }
        },
        "line": 15
      },
      "1": {
        "name": "(anonymous_1)",
        "decl": {
          "start": {
            "line": 18,
            "column": 30
          },
          "end": {
            "line": 18,
            "column": 31
          }
        },
        "loc": {
          "start": {
            "line": 18,
            "column": 55
          },
          "end": {
            "line": 20,
            "column": 5
          }
        },
        "line": 18
      },
      "2": {
        "name": "(anonymous_2)",
        "decl": {
          "start": {
            "line": 21,
            "column": 25
          },
          "end": {
            "line": 21,
            "column": 26
          }
        },
        "loc": {
          "start": {
            "line": 21,
            "column": 50
          },
          "end": {
            "line": 24,
            "column": 5
          }
        },
        "line": 21
      },
      "3": {
        "name": "(anonymous_3)",
        "decl": {
          "start": {
            "line": 36,
            "column": 31
          },
          "end": {
            "line": 36,
            "column": 32
          }
        },
        "loc": {
          "start": {
            "line": 36,
            "column": 45
          },
          "end": {
            "line": 46,
            "column": 1
          }
        },
        "line": 36
      },
      "4": {
        "name": "(anonymous_4)",
        "decl": {
          "start": {
            "line": 36,
            "column": 45
          },
          "end": {
            "line": 36,
            "column": 46
          }
        },
        "loc": {
          "start": {
            "line": 36,
            "column": 69
          },
          "end": {
            "line": 46,
            "column": 1
          }
        },
        "line": 36
      },
      "5": {
        "name": "(anonymous_5)",
        "decl": {
          "start": {
            "line": 50,
            "column": 2
          },
          "end": {
            "line": 50,
            "column": 3
          }
        },
        "loc": {
          "start": {
            "line": 50,
            "column": 13
          },
          "end": {
            "line": 50,
            "column": 35
          }
        },
        "line": 50
      },
      "6": {
        "name": "(anonymous_6)",
        "decl": {
          "start": {
            "line": 51,
            "column": 2
          },
          "end": {
            "line": 51,
            "column": 3
          }
        },
        "loc": {
          "start": {
            "line": 51,
            "column": 19
          },
          "end": {
            "line": 51,
            "column": 30
          }
        },
        "line": 51
      },
      "7": {
        "name": "(anonymous_7)",
        "decl": {
          "start": {
            "line": 54,
            "column": 29
          },
          "end": {
            "line": 54,
            "column": 30
          }
        },
        "loc": {
          "start": {
            "line": 55,
            "column": 2
          },
          "end": {
            "line": 59,
            "column": 3
          }
        },
        "line": 55
      },
      "8": {
        "name": "(anonymous_8)",
        "decl": {
          "start": {
            "line": 56,
            "column": 4
          },
          "end": {
            "line": 56,
            "column": 5
          }
        },
        "loc": {
          "start": {
            "line": 56,
            "column": 15
          },
          "end": {
            "line": 56,
            "column": 37
          }
        },
        "line": 56
      },
      "9": {
        "name": "(anonymous_9)",
        "decl": {
          "start": {
            "line": 57,
            "column": 4
          },
          "end": {
            "line": 57,
            "column": 5
          }
        },
        "loc": {
          "start": {
            "line": 58,
            "column": 6
          },
          "end": {
            "line": 58,
            "column": 73
          }
        },
        "line": 58
      },
      "10": {
        "name": "(anonymous_10)",
        "decl": {
          "start": {
            "line": 58,
            "column": 23
          },
          "end": {
            "line": 58,
            "column": 24
          }
        },
        "loc": {
          "start": {
            "line": 58,
            "column": 39
          },
          "end": {
            "line": 58,
            "column": 66
          }
        },
        "line": 58
      }
    },
    "branchMap": {
      "0": {
        "loc": {
          "start": {
            "line": 58,
            "column": 6
          },
          "end": {
            "line": 58,
            "column": 73
          }
        },
        "type": "binary-expr",
        "locations": [
          {
            "start": {
              "line": 58,
              "column": 6
            },
            "end": {
              "line": 58,
              "column": 67
            }
          },
          {
            "start": {
              "line": 58,
              "column": 71
            },
            "end": {
              "line": 58,
              "column": 73
            }
          }
        ],
        "line": 58
      }
    },
    "s": {
      "0": 66,
      "1": 66,
      "2": 30,
      "3": 0,
      "4": 30,
      "5": 30,
      "6": 66,
      "7": 66,
      "8": 30,
      "9": 30,
      "10": 66,
      "11": 1271,
      "12": 96,
      "13": 66,
      "14": 0,
      "15": 0,
      "16": 0,
      "17": 0
    },
    "f": {
      "0": 30,
      "1": 0,
      "2": 30,
      "3": 30,
      "4": 30,
      "5": 1271,
      "6": 96,
      "7": 0,
      "8": 0,
      "9": 0,
      "10": 0
    },
    "b": {
      "0": [
        0,
        0
      ]
    },
    "_coverageSchema": "43e27e138ebf9cfc5966b082cf9a028302ed4184",
    "hash": "8e8f1ca1e315341ee7e8d09b8ff97eb2614cc82f"
  },
  "C:\\Users\\andyx\\Desktop\\NU Salad\\salad.nu\\src\\store\\slices\\interactions.js": {
    "path": "C:\\Users\\andyx\\Desktop\\NU Salad\\salad.nu\\src\\store\\slices\\interactions.js",
    "statementMap": {
      "0": {
        "start": {
          "line": 5,
          "column": 30
        },
        "end": {
          "line": 5,
          "column": 40
        }
      },
      "1": {
        "start": {
          "line": 6,
          "column": 31
        },
        "end": {
          "line": 6,
          "column": 45
        }
      },
      "2": {
        "start": {
          "line": 7,
          "column": 24
        },
        "end": {
          "line": 7,
          "column": 48
        }
      },
      "3": {
        "start": {
          "line": 8,
          "column": 19
        },
        "end": {
          "line": 8,
          "column": 43
        }
      },
      "4": {
        "start": {
          "line": 9,
          "column": 39
        },
        "end": {
          "line": 9,
          "column": 49
        }
      },
      "5": {
        "start": {
          "line": 10,
          "column": 30
        },
        "end": {
          "line": 10,
          "column": 40
        }
      },
      "6": {
        "start": {
          "line": 13,
          "column": 14
        },
        "end": {
          "line": 65,
          "column": 2
        }
      },
      "7": {
        "start": {
          "line": 25,
          "column": 6
        },
        "end": {
          "line": 25,
          "column": 56
        }
      },
      "8": {
        "start": {
          "line": 28,
          "column": 6
        },
        "end": {
          "line": 28,
          "column": 51
        }
      },
      "9": {
        "start": {
          "line": 31,
          "column": 6
        },
        "end": {
          "line": 31,
          "column": 58
        }
      },
      "10": {
        "start": {
          "line": 34,
          "column": 6
        },
        "end": {
          "line": 34,
          "column": 52
        }
      },
      "11": {
        "start": {
          "line": 37,
          "column": 6
        },
        "end": {
          "line": 37,
          "column": 60
        }
      },
      "12": {
        "start": {
          "line": 40,
          "column": 23
        },
        "end": {
          "line": 40,
          "column": 42
        }
      },
      "13": {
        "start": {
          "line": 41,
          "column": 6
        },
        "end": {
          "line": 44,
          "column": 80
        }
      },
      "14": {
        "start": {
          "line": 42,
          "column": 8
        },
        "end": {
          "line": 42,
          "column": 50
        }
      },
      "15": {
        "start": {
          "line": 44,
          "column": 8
        },
        "end": {
          "line": 44,
          "column": 80
        }
      },
      "16": {
        "start": {
          "line": 47,
          "column": 6
        },
        "end": {
          "line": 47,
          "column": 48
        }
      },
      "17": {
        "start": {
          "line": 50,
          "column": 6
        },
        "end": {
          "line": 50,
          "column": 53
        }
      },
      "18": {
        "start": {
          "line": 53,
          "column": 6
        },
        "end": {
          "line": 53,
          "column": 66
        }
      },
      "19": {
        "start": {
          "line": 56,
          "column": 6
        },
        "end": {
          "line": 56,
          "column": 76
        }
      },
      "20": {
        "start": {
          "line": 59,
          "column": 6
        },
        "end": {
          "line": 59,
          "column": 57
        }
      },
      "21": {
        "start": {
          "line": 62,
          "column": 6
        },
        "end": {
          "line": 62,
          "column": 58
        }
      },
      "22": {
        "start": {
          "line": 80,
          "column": 4
        },
        "end": {
          "line": 80,
          "column": 17
        }
      },
      "23": {
        "start": {
          "line": 84,
          "column": 28
        },
        "end": {
          "line": 86,
          "column": 1
        }
      },
      "24": {
        "start": {
          "line": 85,
          "column": 2
        },
        "end": {
          "line": 85,
          "column": 38
        }
      },
      "25": {
        "start": {
          "line": 88,
          "column": 36
        },
        "end": {
          "line": 90,
          "column": 1
        }
      },
      "26": {
        "start": {
          "line": 89,
          "column": 2
        },
        "end": {
          "line": 89,
          "column": 39
        }
      },
      "27": {
        "start": {
          "line": 92,
          "column": 35
        },
        "end": {
          "line": 94,
          "column": 1
        }
      },
      "28": {
        "start": {
          "line": 93,
          "column": 2
        },
        "end": {
          "line": 93,
          "column": 33
        }
      },
      "29": {
        "start": {
          "line": 96,
          "column": 37
        },
        "end": {
          "line": 98,
          "column": 1
        }
      },
      "30": {
        "start": {
          "line": 97,
          "column": 2
        },
        "end": {
          "line": 97,
          "column": 42
        }
      },
      "31": {
        "start": {
          "line": 100,
          "column": 46
        },
        "end": {
          "line": 102,
          "column": 1
        }
      },
      "32": {
        "start": {
          "line": 101,
          "column": 2
        },
        "end": {
          "line": 101,
          "column": 72
        }
      },
      "33": {
        "start": {
          "line": 104,
          "column": 36
        },
        "end": {
          "line": 106,
          "column": 1
        }
      },
      "34": {
        "start": {
          "line": 105,
          "column": 2
        },
        "end": {
          "line": 105,
          "column": 34
        }
      },
      "35": {
        "start": {
          "line": 108,
          "column": 37
        },
        "end": {
          "line": 117,
          "column": 1
        }
      },
      "36": {
        "start": {
          "line": 108,
          "column": 53
        },
        "end": {
          "line": 117,
          "column": 1
        }
      },
      "37": {
        "start": {
          "line": 109,
          "column": 19
        },
        "end": {
          "line": 109,
          "column": 30
        }
      },
      "38": {
        "start": {
          "line": 110,
          "column": 2
        },
        "end": {
          "line": 116,
          "column": 4
        }
      },
      "39": {
        "start": {
          "line": 119,
          "column": 39
        },
        "end": {
          "line": 121,
          "column": 1
        }
      },
      "40": {
        "start": {
          "line": 120,
          "column": 2
        },
        "end": {
          "line": 120,
          "column": 36
        }
      },
      "41": {
        "start": {
          "line": 123,
          "column": 36
        },
        "end": {
          "line": 125,
          "column": 1
        }
      },
      "42": {
        "start": {
          "line": 124,
          "column": 2
        },
        "end": {
          "line": 124,
          "column": 34
        }
      },
      "43": {
        "start": {
          "line": 127,
          "column": 45
        },
        "end": {
          "line": 129,
          "column": 1
        }
      },
      "44": {
        "start": {
          "line": 128,
          "column": 2
        },
        "end": {
          "line": 128,
          "column": 48
        }
      },
      "45": {
        "start": {
          "line": 131,
          "column": 44
        },
        "end": {
          "line": 133,
          "column": 1
        }
      },
      "46": {
        "start": {
          "line": 132,
          "column": 2
        },
        "end": {
          "line": 132,
          "column": 42
        }
      },
      "47": {
        "start": {
          "line": 135,
          "column": 36
        },
        "end": {
          "line": 137,
          "column": 1
        }
      },
      "48": {
        "start": {
          "line": 136,
          "column": 2
        },
        "end": {
          "line": 136,
          "column": 39
        }
      },
      "49": {
        "start": {
          "line": 139,
          "column": 35
        },
        "end": {
          "line": 141,
          "column": 1
        }
      },
      "50": {
        "start": {
          "line": 140,
          "column": 2
        },
        "end": {
          "line": 140,
          "column": 33
        }
      },
      "51": {
        "start": {
          "line": 144,
          "column": 25
        },
        "end": {
          "line": 147,
          "column": 1
        }
      },
      "52": {
        "start": {
          "line": 145,
          "column": 13
        },
        "end": {
          "line": 145,
          "column": 31
        }
      },
      "53": {
        "start": {
          "line": 146,
          "column": 20
        },
        "end": {
          "line": 146,
          "column": 42
        }
      },
      "54": {
        "start": {
          "line": 149,
          "column": 33
        },
        "end": {
          "line": 152,
          "column": 1
        }
      },
      "55": {
        "start": {
          "line": 150,
          "column": 13
        },
        "end": {
          "line": 150,
          "column": 31
        }
      },
      "56": {
        "start": {
          "line": 151,
          "column": 20
        },
        "end": {
          "line": 151,
          "column": 47
        }
      },
      "57": {
        "start": {
          "line": 154,
          "column": 34
        },
        "end": {
          "line": 157,
          "column": 1
        }
      },
      "58": {
        "start": {
          "line": 155,
          "column": 13
        },
        "end": {
          "line": 155,
          "column": 31
        }
      },
      "59": {
        "start": {
          "line": 156,
          "column": 20
        },
        "end": {
          "line": 156,
          "column": 48
        }
      },
      "60": {
        "start": {
          "line": 159,
          "column": 34
        },
        "end": {
          "line": 162,
          "column": 1
        }
      },
      "61": {
        "start": {
          "line": 160,
          "column": 13
        },
        "end": {
          "line": 160,
          "column": 31
        }
      },
      "62": {
        "start": {
          "line": 161,
          "column": 20
        },
        "end": {
          "line": 161,
          "column": 48
        }
      },
      "63": {
        "start": {
          "line": 164,
          "column": 42
        },
        "end": {
          "line": 167,
          "column": 1
        }
      },
      "64": {
        "start": {
          "line": 165,
          "column": 13
        },
        "end": {
          "line": 165,
          "column": 31
        }
      },
      "65": {
        "start": {
          "line": 166,
          "column": 20
        },
        "end": {
          "line": 166,
          "column": 56
        }
      },
      "66": {
        "start": {
          "line": 169,
          "column": 33
        },
        "end": {
          "line": 172,
          "column": 1
        }
      },
      "67": {
        "start": {
          "line": 170,
          "column": 13
        },
        "end": {
          "line": 170,
          "column": 31
        }
      },
      "68": {
        "start": {
          "line": 171,
          "column": 20
        },
        "end": {
          "line": 171,
          "column": 47
        }
      }
    },
    "fnMap": {
      "0": {
        "name": "(anonymous_0)",
        "decl": {
          "start": {
            "line": 24,
            "column": 19
          },
          "end": {
            "line": 24,
            "column": 20
          }
        },
        "loc": {
          "start": {
            "line": 24,
            "column": 45
          },
          "end": {
            "line": 26,
            "column": 5
          }
        },
        "line": 24
      },
      "1": {
        "name": "(anonymous_1)",
        "decl": {
          "start": {
            "line": 27,
            "column": 27
          },
          "end": {
            "line": 27,
            "column": 28
          }
        },
        "loc": {
          "start": {
            "line": 27,
            "column": 53
          },
          "end": {
            "line": 29,
            "column": 5
          }
        },
        "line": 27
      },
      "2": {
        "name": "(anonymous_2)",
        "decl": {
          "start": {
            "line": 30,
            "column": 27
          },
          "end": {
            "line": 30,
            "column": 28
          }
        },
        "loc": {
          "start": {
            "line": 30,
            "column": 53
          },
          "end": {
            "line": 32,
            "column": 5
          }
        },
        "line": 30
      },
      "3": {
        "name": "(anonymous_3)",
        "decl": {
          "start": {
            "line": 33,
            "column": 28
          },
          "end": {
            "line": 33,
            "column": 29
          }
        },
        "loc": {
          "start": {
            "line": 33,
            "column": 54
          },
          "end": {
            "line": 35,
            "column": 5
          }
        },
        "line": 33
      },
      "4": {
        "name": "(anonymous_4)",
        "decl": {
          "start": {
            "line": 36,
            "column": 28
          },
          "end": {
            "line": 36,
            "column": 29
          }
        },
        "loc": {
          "start": {
            "line": 36,
            "column": 54
          },
          "end": {
            "line": 38,
            "column": 5
          }
        },
        "line": 36
      },
      "5": {
        "name": "(anonymous_5)",
        "decl": {
          "start": {
            "line": 39,
            "column": 28
          },
          "end": {
            "line": 39,
            "column": 29
          }
        },
        "loc": {
          "start": {
            "line": 39,
            "column": 54
          },
          "end": {
            "line": 45,
            "column": 5
          }
        },
        "line": 39
      },
      "6": {
        "name": "(anonymous_6)",
        "decl": {
          "start": {
            "line": 46,
            "column": 30
          },
          "end": {
            "line": 46,
            "column": 31
          }
        },
        "loc": {
          "start": {
            "line": 46,
            "column": 56
          },
          "end": {
            "line": 48,
            "column": 5
          }
        },
        "line": 46
      },
      "7": {
        "name": "(anonymous_7)",
        "decl": {
          "start": {
            "line": 49,
            "column": 28
          },
          "end": {
            "line": 49,
            "column": 29
          }
        },
        "loc": {
          "start": {
            "line": 49,
            "column": 54
          },
          "end": {
            "line": 51,
            "column": 5
          }
        },
        "line": 49
      },
      "8": {
        "name": "(anonymous_8)",
        "decl": {
          "start": {
            "line": 52,
            "column": 36
          },
          "end": {
            "line": 52,
            "column": 37
          }
        },
        "loc": {
          "start": {
            "line": 52,
            "column": 62
          },
          "end": {
            "line": 54,
            "column": 5
          }
        },
        "line": 52
      },
      "9": {
        "name": "(anonymous_9)",
        "decl": {
          "start": {
            "line": 55,
            "column": 36
          },
          "end": {
            "line": 55,
            "column": 37
          }
        },
        "loc": {
          "start": {
            "line": 55,
            "column": 62
          },
          "end": {
            "line": 57,
            "column": 5
          }
        },
        "line": 55
      },
      "10": {
        "name": "(anonymous_10)",
        "decl": {
          "start": {
            "line": 58,
            "column": 27
          },
          "end": {
            "line": 58,
            "column": 28
          }
        },
        "loc": {
          "start": {
            "line": 58,
            "column": 53
          },
          "end": {
            "line": 60,
            "column": 5
          }
        },
        "line": 58
      },
      "11": {
        "name": "(anonymous_11)",
        "decl": {
          "start": {
            "line": 61,
            "column": 27
          },
          "end": {
            "line": 61,
            "column": 28
          }
        },
        "loc": {
          "start": {
            "line": 61,
            "column": 53
          },
          "end": {
            "line": 63,
            "column": 5
          }
        },
        "line": 61
      },
      "12": {
        "name": "(anonymous_12)",
        "decl": {
          "start": {
            "line": 84,
            "column": 28
          },
          "end": {
            "line": 84,
            "column": 29
          }
        },
        "loc": {
          "start": {
            "line": 84,
            "column": 43
          },
          "end": {
            "line": 86,
            "column": 1
          }
        },
        "line": 84
      },
      "13": {
        "name": "(anonymous_13)",
        "decl": {
          "start": {
            "line": 88,
            "column": 36
          },
          "end": {
            "line": 88,
            "column": 37
          }
        },
        "loc": {
          "start": {
            "line": 88,
            "column": 44
          },
          "end": {
            "line": 90,
            "column": 1
          }
        },
        "line": 88
      },
      "14": {
        "name": "(anonymous_14)",
        "decl": {
          "start": {
            "line": 92,
            "column": 35
          },
          "end": {
            "line": 92,
            "column": 36
          }
        },
        "loc": {
          "start": {
            "line": 92,
            "column": 41
          },
          "end": {
            "line": 94,
            "column": 1
          }
        },
        "line": 92
      },
      "15": {
        "name": "(anonymous_15)",
        "decl": {
          "start": {
            "line": 96,
            "column": 37
          },
          "end": {
            "line": 96,
            "column": 38
          }
        },
        "loc": {
          "start": {
            "line": 96,
            "column": 47
          },
          "end": {
            "line": 98,
            "column": 1
          }
        },
        "line": 96
      },
      "16": {
        "name": "(anonymous_16)",
        "decl": {
          "start": {
            "line": 100,
            "column": 46
          },
          "end": {
            "line": 100,
            "column": 47
          }
        },
        "loc": {
          "start": {
            "line": 100,
            "column": 56
          },
          "end": {
            "line": 102,
            "column": 1
          }
        },
        "line": 100
      },
      "17": {
        "name": "(anonymous_17)",
        "decl": {
          "start": {
            "line": 104,
            "column": 36
          },
          "end": {
            "line": 104,
            "column": 37
          }
        },
        "loc": {
          "start": {
            "line": 104,
            "column": 42
          },
          "end": {
            "line": 106,
            "column": 1
          }
        },
        "line": 104
      },
      "18": {
        "name": "(anonymous_18)",
        "decl": {
          "start": {
            "line": 108,
            "column": 37
          },
          "end": {
            "line": 108,
            "column": 38
          }
        },
        "loc": {
          "start": {
[...]
          }
        },
        "loc": {
          "start": {
            "line": 34,
            "column": 42
          },
          "end": {
            "line": 53,
            "column": 5
          }
        },
        "line": 34
      },
      "2": {
        "name": "(anonymous_2)",
        "decl": {
          "start": {
            "line": 43,
            "column": 43
          },
          "end": {
            "line": 43,
            "column": 44
          }
        },
        "loc": {
          "start": {
            "line": 43,
            "column": 49
          },
          "end": {
            "line": 48,
            "column": 9
          }
        },
        "line": 43
      },
      "3": {
        "name": "registerValidSW",
        "decl": {
          "start": {
            "line": 57,
            "column": 9
          },
          "end": {
            "line": 57,
            "column": 24
          }
        },
        "loc": {
          "start": {
            "line": 57,
            "column": 40
          },
          "end": {
            "line": 99,
            "column": 1
          }
        },
        "line": 57
      },
      "4": {
        "name": "(anonymous_4)",
        "decl": {
          "start": {
            "line": 60,
            "column": 10
          },
          "end": {
            "line": 60,
            "column": 11
          }
        },
        "loc": {
          "start": {
            "line": 60,
            "column": 26
          },
          "end": {
            "line": 95,
            "column": 5
          }
        },
        "line": 60
      },
      "5": {
        "name": "(anonymous_5)",
        "decl": {
          "start": {
            "line": 61,
            "column": 35
          },
          "end": {
            "line": 61,
            "column": 36
          }
        },
        "loc": {
          "start": {
            "line": 61,
            "column": 41
          },
          "end": {
            "line": 94,
            "column": 7
          }
        },
        "line": 61
      },
      "6": {
        "name": "(anonymous_6)",
        "decl": {
          "start": {
            "line": 66,
            "column": 41
          },
          "end": {
            "line": 66,
            "column": 42
          }
        },
        "loc": {
          "start": {
            "line": 66,
            "column": 47
          },
          "end": {
            "line": 93,
            "column": 9
          }
        },
        "line": 66
      },
      "7": {
        "name": "(anonymous_7)",
        "decl": {
          "start": {
            "line": 96,
            "column": 11
          },
          "end": {
            "line": 96,
            "column": 12
          }
        },
        "loc": {
          "start": {
            "line": 96,
            "column": 20
          },
          "end": {
            "line": 98,
            "column": 5
          }
        },
        "line": 96
      },
      "8": {
        "name": "checkValidServiceWorker",
        "decl": {
          "start": {
            "line": 101,
            "column": 9
          },
          "end": {
            "line": 101,
            "column": 32
          }
        },
        "loc": {
          "start": {
            "line": 101,
            "column": 48
          },
          "end": {
            "line": 129,
            "column": 1
          }
        },
        "line": 101
      },
      "9": {
        "name": "(anonymous_9)",
        "decl": {
          "start": {
            "line": 106,
            "column": 10
          },
          "end": {
            "line": 106,
            "column": 11
          }
        },
        "loc": {
          "start": {
            "line": 106,
            "column": 22
          },
          "end": {
            "line": 123,
            "column": 5
          }
        },
        "line": 106
      },
      "10": {
        "name": "(anonymous_10)",
        "decl": {
          "start": {
            "line": 114,
            "column": 43
          },
          "end": {
            "line": 114,
            "column": 44
          }
        },
        "loc": {
          "start": {
            "line": 114,
            "column": 59
          },
          "end": {
            "line": 118,
            "column": 9
          }
        },
        "line": 114
      },
      "11": {
        "name": "(anonymous_11)",
        "decl": {
          "start": {
            "line": 115,
            "column": 41
          },
          "end": {
            "line": 115,
            "column": 42
          }
        },
        "loc": {
          "start": {
            "line": 115,
            "column": 47
          },
          "end": {
            "line": 117,
            "column": 11
          }
        },
        "line": 115
      },
      "12": {
        "name": "(anonymous_12)",
        "decl": {
          "start": {
            "line": 124,
            "column": 11
          },
          "end": {
            "line": 124,
            "column": 12
          }
        },
        "loc": {
          "start": {
            "line": 124,
            "column": 17
          },
          "end": {
            "line": 128,
            "column": 5
          }
        },
        "line": 124
      },
      "13": {
        "name": "unregister",
        "decl": {
          "start": {
            "line": 131,
            "column": 16
          },
          "end": {
            "line": 131,
            "column": 26
          }
        },
        "loc": {
          "start": {
            "line": 131,
            "column": 29
          },
          "end": {
            "line": 141,
            "column": 1
          }
        },
        "line": 131
      },
      "14": {
        "name": "(anonymous_14)",
        "decl": {
          "start": {
            "line": 134,
            "column": 12
          },
          "end": {
            "line": 134,
            "column": 13
          }
        },
        "loc": {
          "start": {
            "line": 134,
            "column": 28
          },
          "end": {
            "line": 136,
            "column": 7
          }
        },
        "line": 134
      },
      "15": {
        "name": "(anonymous_15)",
        "decl": {
          "start": {
            "line": 137,
            "column": 13
          },
          "end": {
            "line": 137,
            "column": 14
          }
        },
        "loc": {
          "start": {
            "line": 137,
            "column": 22
          },
          "end": {
            "line": 139,
            "column": 7
          }
        },
        "line": 137
      }
    },
    "branchMap": {
      "0": {
        "loc": {
          "start": {
            "line": 14,
            "column": 2
          },
          "end": {
            "line": 20,
            "column": 5
          }
        },
        "type": "binary-expr",
        "locations": [
          {
            "start": {
              "line": 14,
              "column": 2
            },
            "end": {
              "line": 14,
              "column": 42
            }
          },
          {
            "start": {
              "line": 16,
              "column": 4
            },
            "end": {
              "line": 16,
              "column": 40
            }
          },
          {
            "start": {
              "line": 18,
              "column": 4
            },
            "end": {
              "line": 20,
              "column": 5
            }
          }
        ],
        "line": 14
      },
      "1": {
        "loc": {
          "start": {
            "line": 24,
            "column": 2
          },
          "end": {
            "line": 54,
            "column": 3
          }
        },
        "type": "if",
        "locations": [
          {
            "start": {
              "line": 24,
              "column": 2
            },
            "end": {
              "line": 54,
              "column": 3
            }
          },
          {
            "start": {
              "line": 24,
              "column": 2
            },
            "end": {
              "line": 54,
              "column": 3
            }
          }
        ],
        "line": 24
      },
      "2": {
        "loc": {
          "start": {
            "line": 24,
            "column": 6
          },
          "end": {
            "line": 24,
            "column": 75
          }
        },
        "type": "binary-expr",
        "locations": [
          {
            "start": {
              "line": 24,
              "column": 6
            },
            "end": {
              "line": 24,
              "column": 43
            }
          },
          {
            "start": {
              "line": 24,
              "column": 47
            },
            "end": {
              "line": 24,
              "column": 75
            }
          }
        ],
        "line": 24
      },
      "3": {
        "loc": {
          "start": {
            "line": 27,
            "column": 4
          },
          "end": {
            "line": 32,
            "column": 5
          }
        },
        "type": "if",
        "locations": [
          {
            "start": {
              "line": 27,
              "column": 4
            },
            "end": {
              "line": 32,
              "column": 5
            }
          },
          {
            "start": {
              "line": 27,
              "column": 4
            },
            "end": {
              "line": 32,
              "column": 5
            }
          }
        ],
        "line": 27
      },
      "4": {
        "loc": {
          "start": {
            "line": 37,
            "column": 6
          },
          "end": {
            "line": 52,
            "column": 7
          }
        },
        "type": "if",
        "locations": [
          {
            "start": {
              "line": 37,
              "column": 6
            },
            "end": {
              "line": 52,
              "column": 7
            }
          },
          {
            "start": {
              "line": 37,
              "column": 6
            },
            "end": {
              "line": 52,
              "column": 7
            }
          }
        ],
        "line": 37
      },
      "5": {
        "loc": {
          "start": {
            "line": 63,
            "column": 8
          },
          "end": {
            "line": 65,
            "column": 9
          }
        },
        "type": "if",
        "locations": [
          {
            "start": {
              "line": 63,
              "column": 8
            },
            "end": {
              "line": 65,
              "column": 9
            }
          },
          {
            "start": {
              "line": 63,
              "column": 8
            },
            "end": {
              "line": 65,
              "column": 9
            }
          }
        ],
        "line": 63
      },
      "6": {
        "loc": {
          "start": {
            "line": 67,
            "column": 10
          },
          "end": {
            "line": 92,
            "column": 11
          }
        },
        "type": "if",
        "locations": [
          {
            "start": {
              "line": 67,
              "column": 10
            },
            "end": {
              "line": 92,
              "column": 11
            }
          },
          {
            "start": {
              "line": 67,
              "column": 10
            },
            "end": {
              "line": 92,
              "column": 11
            }
          }
        ],
        "line": 67
      },
      "7": {
        "loc": {
          "start": {
            "line": 68,
            "column": 12
          },
          "end": {
            "line": 91,
            "column": 13
          }
        },
        "type": "if",
        "locations": [
          {
            "start": {
              "line": 68,
              "column": 12
            },
            "end": {
              "line": 91,
              "column": 13
            }
          },
          {
            "start": {
              "line": 68,
              "column": 12
            },
            "end": {
              "line": 91,
              "column": 13
            }
          }
        ],
        "line": 68
      },
      "8": {
        "loc": {
          "start": {
            "line": 78,
            "column": 14
          },
          "end": {
            "line": 80,
            "column": 15
          }
        },
        "type": "if",
        "locations": [
          {
            "start": {
              "line": 78,
              "column": 14
            },
            "end": {
              "line": 80,
              "column": 15
            }
          },
          {
            "start": {
              "line": 78,
              "column": 14
            },
            "end": {
              "line": 80,
              "column": 15
            }
          }
        ],
        "line": 78
      },
      "9": {
        "loc": {
          "start": {
            "line": 78,
            "column": 18
          },
          "end": {
            "line": 78,
            "column": 43
          }
        },
        "type": "binary-expr",
        "locations": [
          {
            "start": {
              "line": 78,
              "column": 18
            },
            "end": {
              "line": 78,
              "column": 24
            }
          },
          {
            "start": {
              "line": 78,
              "column": 28
            },
            "end": {
              "line": 78,
              "column": 43
            }
          }
        ],
        "line": 78
      },
      "10": {
        "loc": {
          "start": {
            "line": 88,
            "column": 14
          },
          "end": {
            "line": 90,
            "column": 15
          }
        },
        "type": "if",
        "locations": [
          {
            "start": {
              "line": 88,
              "column": 14
            },
            "end": {
              "line": 90,
              "column": 15
            }
          },
          {
            "start": {
              "line": 88,
              "column": 14
            },
            "end": {
              "line": 90,
              "column": 15
            }
          }
        ],
        "line": 88
      },
      "11": {
        "loc": {
          "start": {
            "line": 88,
            "column": 18
          },
          "end": {
            "line": 88,
            "column": 44
          }
        },
        "type": "binary-expr",
        "locations": [
          {
            "start": {
              "line": 88,
              "column": 18
            },
            "end": {
              "line": 88,
              "column": 24
            }
          },
          {
            "start": {
              "line": 88,
              "column": 28
            },
            "end": {
              "line": 88,
              "column": 44
            }
          }
        ],
        "line": 88
      },
      "12": {
        "loc": {
          "start": {
            "line": 109,
            "column": 6
          },
          "end": {
            "line": 122,
            "column": 7
          }
        },
        "type": "if",
        "locations": [
          {
            "start": {
              "line": 109,
              "column": 6
            },
            "end": {
              "line": 122,
              "column": 7
            }
          },
          {
            "start": {
              "line": 109,
              "column": 6
            },
            "end": {
              "line": 122,
              "column": 7
            }
          }
        ],
        "line": 109
      },
      "13": {
        "loc": {
          "start": {
            "line": 110,
            "column": 8
          },
          "end": {
            "line": 111,
            "column": 73
          }
        },
        "type": "binary-expr",
        "locations": [
          {
            "start": {
              "line": 110,
              "column": 8
            },
            "end": {
              "line": 110,
              "column": 31
            }
          },
          {
            "start": {
              "line": 111,
              "column": 9
            },
            "end": {
              "line": 111,
              "column": 28
            }
          },
          {
            "start": {
              "line": 111,
              "column": 32
            },
            "end": {
              "line": 111,
              "column": 72
            }
          }
        ],
        "line": 110
      },
      "14": {
        "loc": {
          "start": {
            "line": 132,
            "column": 2
          },
          "end": {
            "line": 140,
            "column": 3
          }
        },
        "type": "if",
        "locations": [
          {
            "start": {
              "line": 132,
              "column": 2
            },
            "end": {
              "line": 140,
              "column": 3
            }
          },
          {
            "start": {
              "line": 132,
              "column": 2
            },
            "end": {
              "line": 140,
              "column": 3
            }
          }
        ],
        "line": 132
      }
    },
    "s": {
      "0": 66,
      "1": 0,
      "2": 0,
      "3": 0,
      "4": 0,
      "5": 0,
      "6": 0,
      "7": 0,
      "8": 0,
      "9": 0,
      "10": 0,
      "11": 0,
      "12": 0,
      "13": 0,
      "14": 0,
      "15": 0,
      "16": 0,
      "17": 0,
      "18": 0,
      "19": 0,
      "20": 0,
      "21": 0,
      "22": 0,
      "23": 0,
      "24": 0,
      "25": 0,
      "26": 0,
      "27": 0,
      "28": 0,
      "29": 0,
      "30": 0,
      "31": 0,
      "32": 0,
      "33": 0,
      "34": 0,
      "35": 66,
      "36": 66,
      "37": 0,
      "38": 0
    },
    "f": {
      "0": 0,
      "1": 0,
      "2": 0,
      "3": 0,
      "4": 0,
      "5": 0,
      "6": 0,
      "7": 0,
      "8": 0,
      "9": 0,
      "10": 0,
      "11": 0,
      "12": 0,
      "13": 66,
      "14": 0,
      "15": 0
    },
    "b": {
      "0": [
        66,
        0,
        0
      ],
      "1": [
        0,
        0
      ],
      "2": [
        0,
        0
      ],
      "3": [
        0,
        0
      ],
      "4": [
        0,
        0
      ],
      "5": [
        0,
        0
      ],
      "6": [
        0,
        0
      ],
      "7": [
        0,
        0
      ],
      "8": [
        0,
        0
      ],
      "9": [
        0,
        0
      ],
      "10": [
        0,
        0
      ],
      "11": [
        0,
        0
      ],
      "12": [
        0,
        0
      ],
      "13": [
        0,
        0,
        0
      ],
      "14": [
        66,
        0
      ]
    },
    "_coverageSchema": "43e27e138ebf9cfc5966b082cf9a028302ed4184",
    "hash": "4a9221ff5cadab55211b614a3267b753cd3fda0d"
  },
  "C:\\Users\\andyx\\Desktop\\NU Salad\\salad.nu\\src\\index.js": {
    "path": "C:\\Users\\andyx\\Desktop\\NU Salad\\salad.nu\\src\\index.js",
    "statementMap": {
      "0": {
        "start": {
          "line": 10,
          "column": 0
        },
        "end": {
          "line": 17,
          "column": 2
        }
      },
      "1": {
        "start": {
          "line": 22,
          "column": 0
        },
        "end": {
          "line": 22,
          "column": 27
        }
      }
    },
    "fnMap": {},
    "branchMap": {},
    "s": {
      "0": 66,
      "1": 66
    },
    "f": {},
    "b": {},
    "_coverageSchema": "43e27e138ebf9cfc5966b082cf9a028302ed4184",
    "hash": "8cfd7b84ea5cd6bd43c35a665cebaae0cbcd3dc7"
  }
}